TN:
SF:/Users/guillaumedieudonne/Documents/Code/Perso/BlockChains/SideProjects/LetsFuckingGame/lets-fucking-game-v2/packages/hardhat/contracts/abstracts/Child.sol
FN:44,constructor
FN:62,addPrizes
FN:73,claimPrize
FN:113,_addPrizes
FN:123,_addPrize
FN:145,_isChildAllPrizesStandard
FN:159,_checkIfPrizeAmountIfNeeded
FN:171,_getPrizeForPosition
FN:187,_isExistAllowedERC20
FN:198,_isExistAllowedERC721
FN:214,getWinners
FN:223,getPrizes
FN:237,setTreasuryFee
FN:250,addTokenERC20
FN:260,removeTokenERC20
FN:270,addTokenERC721
FN:280,removeTokenERC721
FN:294,claimTreasuryFee
FN:306,pause
FN:314,unpause
FN:327,transferAdminOwnership
FN:339,transferFactoryOwnership
FN:350,withdrawFunds
FN:369,withdrawNative
FN:379,withdrawERC20
FN:399,withdrawERC721
FN:424,onlyAdmin
FN:432,onlyFactory
FN:440,onlyAdminOrFactory
FN:448,onlyAddressInit
FN:456,onlyHumans
FN:469,onlyIfEpoch
FN:477,onlyIfClaimableAmount
FN:485,onlyIfEnoughtBalance
FN:493,onlyTreasuryFee
FN:502,onlyIfPrizesParam
FN:512,onlyIfPrizeAmountIfNeeded
FN:520,onlyIfPrizesIsNotEmpty
FNF:38
FNH:24
FNDA:6,constructor
FNDA:0,addPrizes
FNDA:9,claimPrize
FNDA:2,_addPrizes
FNDA:44,_addPrize
FNDA:39,_isChildAllPrizesStandard
FNDA:2,_checkIfPrizeAmountIfNeeded
FNDA:153,_getPrizeForPosition
FNDA:0,_isExistAllowedERC20
FNDA:0,_isExistAllowedERC721
FNDA:2,getWinners
FNDA:3,getPrizes
FNDA:1,setTreasuryFee
FNDA:0,addTokenERC20
FNDA:0,removeTokenERC20
FNDA:0,addTokenERC721
FNDA:0,removeTokenERC721
FNDA:2,claimTreasuryFee
FNDA:0,pause
FNDA:0,unpause
FNDA:1,transferAdminOwnership
FNDA:0,transferFactoryOwnership
FNDA:2,withdrawFunds
FNDA:2,withdrawNative
FNDA:0,withdrawERC20
FNDA:0,withdrawERC721
FNDA:9,onlyAdmin
FNDA:0,onlyFactory
FNDA:11,onlyAdminOrFactory
FNDA:6,onlyAddressInit
FNDA:537,onlyHumans
FNDA:15,onlyIfEpoch
FNDA:6,onlyIfClaimableAmount
FNDA:4,onlyIfEnoughtBalance
FNDA:22,onlyTreasuryFee
FNDA:20,onlyIfPrizesParam
FNDA:0,onlyIfPrizeAmountIfNeeded
FNDA:2,onlyIfPrizesIsNotEmpty
DA:45,6
DA:46,6
DA:63,0
DA:65,0
DA:74,9
DA:75,11
DA:76,8
DA:77,7
DA:79,7
DA:80,7
DA:82,7
DA:83,7
DA:85,0
DA:92,0
DA:100,7
DA:102,1
DA:114,2
DA:115,2
DA:124,44
DA:125,0
DA:127,0
DA:129,44
DA:130,44
DA:146,39
DA:147,47
DA:152,39
DA:160,2
DA:161,2
DA:163,2
DA:175,153
DA:176,153
DA:178,139
DA:179,139
DA:188,0
DA:189,0
DA:190,0
DA:199,0
DA:200,0
DA:201,0
DA:215,2
DA:224,3
DA:238,1
DA:251,0
DA:252,0
DA:261,0
DA:262,0
DA:271,0
DA:272,0
DA:281,0
DA:282,0
DA:296,2
DA:297,2
DA:298,2
DA:299,2
DA:307,0
DA:315,0
DA:328,1
DA:329,1
DA:340,0
DA:341,0
DA:351,2
DA:352,0
DA:353,0
DA:355,2
DA:356,0
DA:357,0
DA:358,0
DA:361,2
DA:370,2
DA:380,0
DA:400,0
DA:425,9
DA:426,6
DA:433,0
DA:434,0
DA:441,11
DA:442,8
DA:449,6
DA:450,6
DA:457,537
DA:458,537
DA:459,537
DA:462,537
DA:463,537
DA:470,15
DA:471,14
DA:478,6
DA:479,4
DA:486,4
DA:487,4
DA:494,22
DA:495,21
DA:503,20
DA:504,20
DA:505,19
DA:513,0
DA:514,0
DA:521,2
DA:522,2
LF:99
LH:64
BRDA:62,1,0,0
BRDA:62,1,1,0
BRDA:62,2,0,0
BRDA:62,2,1,0
BRDA:62,3,0,0
BRDA:62,3,1,0
BRDA:62,4,0,0
BRDA:62,4,1,0
BRDA:65,5,0,0
BRDA:65,5,1,0
BRDA:73,6,0,9
BRDA:73,6,1,1
BRDA:75,7,0,8
BRDA:75,7,1,3
BRDA:76,8,0,7
BRDA:76,8,1,1
BRDA:77,9,0,7
BRDA:77,9,1,0
BRDA:82,10,0,7
BRDA:82,10,1,0
BRDA:84,11,0,0
BRDA:84,11,1,0
BRDA:91,12,0,0
BRDA:91,12,1,0
BRDA:98,13,0,0
BRDA:98,13,1,0
BRDA:102,14,0,0
BRDA:102,14,1,1
BRDA:124,15,0,0
BRDA:124,15,1,44
BRDA:126,16,0,0
BRDA:126,16,1,44
BRDA:147,17,0,0
BRDA:147,17,1,47
BRDA:161,18,0,2
BRDA:161,18,1,0
BRDA:163,19,0,2
BRDA:163,19,1,0
BRDA:176,20,0,14
BRDA:176,20,1,139
BRDA:189,21,0,0
BRDA:189,21,1,0
BRDA:200,22,0,0
BRDA:200,22,1,0
BRDA:214,23,0,2
BRDA:214,23,1,0
BRDA:223,24,0,3
BRDA:223,24,1,0
BRDA:237,25,0,2
BRDA:237,25,1,1
BRDA:237,26,0,1
BRDA:237,26,1,1
BRDA:250,27,0,0
BRDA:250,27,1,0
BRDA:250,28,0,0
BRDA:250,28,1,0
BRDA:252,29,0,0
BRDA:252,29,1,0
BRDA:260,30,0,0
BRDA:260,30,1,0
BRDA:260,31,0,0
BRDA:260,31,1,0
BRDA:262,32,0,0
BRDA:262,32,1,0
BRDA:270,33,0,0
BRDA:270,33,1,0
BRDA:270,34,0,0
BRDA:270,34,1,0
BRDA:272,35,0,0
BRDA:272,35,1,0
BRDA:280,36,0,0
BRDA:280,36,1,0
BRDA:280,37,0,0
BRDA:280,37,1,0
BRDA:282,38,0,0
BRDA:282,38,1,0
BRDA:292,39,0,3
BRDA:292,39,1,1
BRDA:293,40,0,2
BRDA:293,40,1,1
BRDA:294,41,0,2
BRDA:294,41,1,0
BRDA:327,42,0,1
BRDA:327,42,1,1
BRDA:327,43,0,1
BRDA:327,43,1,0
BRDA:339,44,0,0
BRDA:339,44,1,1
BRDA:339,45,0,0
BRDA:339,45,1,0
BRDA:350,46,0,2
BRDA:350,46,1,1
BRDA:352,47,0,0
BRDA:352,47,1,0
BRDA:369,48,0,2
BRDA:369,48,1,0
BRDA:379,49,0,0
BRDA:379,49,1,0
BRDA:399,50,0,0
BRDA:399,50,1,0
BRDA:425,51,0,6
BRDA:425,51,1,3
BRDA:433,52,0,0
BRDA:433,52,1,0
BRDA:441,53,0,8
BRDA:441,53,1,3
BRDA:441,54,0,2
BRDA:441,54,1,6
BRDA:449,55,0,6
BRDA:449,55,1,0
BRDA:462,56,0,537
BRDA:462,56,1,0
BRDA:470,57,0,14
BRDA:470,57,1,1
BRDA:478,58,0,4
BRDA:478,58,1,2
BRDA:486,59,0,4
BRDA:486,59,1,0
BRDA:494,60,0,21
BRDA:494,60,1,1
BRDA:503,61,0,20
BRDA:503,61,1,0
BRDA:504,62,0,24
BRDA:504,62,1,1
BRDA:521,63,0,2
BRDA:521,63,1,0
BRF:126
BRH:53
end_of_record
TN:
SF:/Users/guillaumedieudonne/Documents/Code/Perso/BlockChains/SideProjects/LetsFuckingGame/lets-fucking-game-v2/packages/hardhat/contracts/abstracts/Factory.sol
FN:83,constructor
FN:97,getDeployedChildsVersions
FN:110,setNewVersion
FN:120,updateCronUpkeep
FN:135,pauseAll
FN:148,resumeAll
FN:161,pause
FN:168,unpause
FN:181,transferAdminOwnership
FN:189,withdrawFunds
FN:207,
FN:218,onlyAdmin
FN:226,onlyAddressInit
FN:234,onlyItemCreationAmount
FNF:14
FNH:10
FNDA:4,constructor
FNDA:0,getDeployedChildsVersions
FNDA:1,setNewVersion
FNDA:2,updateCronUpkeep
FNDA:4,pauseAll
FNDA:1,resumeAll
FNDA:1,pause
FNDA:0,unpause
FNDA:1,transferAdminOwnership
FNDA:0,withdrawFunds
FNDA:0,
FNDA:21,onlyAdmin
FNDA:11,onlyAddressInit
FNDA:25,onlyItemCreationAmount
DA:84,4
DA:85,4
DA:86,4
DA:98,0
DA:111,1
DA:112,1
DA:121,2
DA:122,2
DA:124,2
DA:125,3
DA:126,3
DA:127,2
DA:137,4
DA:138,4
DA:139,8
DA:140,8
DA:150,1
DA:152,1
DA:153,2
DA:154,2
DA:162,1
DA:169,0
DA:182,1
DA:190,0
DA:201,0
DA:208,0
DA:219,21
DA:220,14
DA:227,11
DA:228,11
DA:235,25
DA:236,25
LF:32
LH:27
BRDA:110,1,0,1
BRDA:110,1,1,1
BRDA:120,2,0,2
BRDA:120,2,1,1
BRDA:120,3,0,2
BRDA:120,3,1,0
BRDA:135,4,0,5
BRDA:135,4,1,1
BRDA:135,5,0,4
BRDA:135,5,1,1
BRDA:148,6,0,2
BRDA:148,6,1,1
BRDA:148,7,0,1
BRDA:148,7,1,1
BRDA:161,8,0,1
BRDA:161,8,1,0
BRDA:161,9,0,1
BRDA:161,9,1,0
BRDA:168,10,0,0
BRDA:168,10,1,0
BRDA:168,11,0,0
BRDA:168,11,1,0
BRDA:181,12,0,1
BRDA:181,12,1,1
BRDA:181,13,0,1
BRDA:181,13,1,0
BRDA:189,14,0,0
BRDA:189,14,1,1
BRDA:219,15,0,14
BRDA:219,15,1,7
BRDA:227,16,0,11
BRDA:227,16,1,0
BRDA:235,17,0,25
BRDA:235,17,1,0
BRDA:235,18,0,3
BRDA:235,18,1,22
BRF:36
BRH:25
end_of_record
TN:
SF:/Users/guillaumedieudonne/Documents/Code/Perso/BlockChains/SideProjects/LetsFuckingGame/lets-fucking-game-v2/packages/hardhat/contracts/games/GameFactoryV1.sol
FN:55,constructor
FN:95,createNewGame
FN:155,_isExistAuthorizedAmounts
FN:169,getDeployedGames
FN:177,getAuthorizedAmounts
FN:186,getAuthorizedAmount
FN:201,addAuthorizedAmounts
FN:221,onlyAllowedRegistrationAmount
FN:233,onlyIfNotUsedRegistrationAmounts
FN:245,onlyIfAuthorizedAmountsIsNotEmpty
FNF:10
FNH:9
FNDA:3,constructor
FNDA:24,createNewGame
FNDA:51,_isExistAuthorizedAmounts
FNDA:8,getDeployedGames
FNDA:5,getAuthorizedAmounts
FNDA:0,getAuthorizedAmount
FNDA:2,addAuthorizedAmounts
FNDA:25,onlyAllowedRegistrationAmount
FNDA:25,onlyIfNotUsedRegistrationAmounts
FNDA:4,onlyIfAuthorizedAmountsIsNotEmpty
DA:56,3
DA:57,36
DA:58,36
DA:59,36
DA:98,24
DA:99,24
DA:101,24
DA:102,24
DA:112,24
DA:114,24
DA:115,24
DA:118,24
DA:119,24
DA:120,24
DA:121,24
DA:122,24
DA:123,24
DA:124,24
DA:125,24
DA:126,24
DA:127,24
DA:128,24
DA:129,24
DA:130,24
DA:131,24
DA:132,24
DA:134,24
DA:135,24
DA:137,16
DA:138,16
DA:140,16
DA:141,16
DA:143,16
DA:156,51
DA:157,313
DA:158,38
DA:170,8
DA:178,5
DA:189,0
DA:202,2
DA:203,15
DA:204,2
DA:205,2
DA:222,25
DA:226,25
DA:234,25
DA:238,24
DA:246,4
DA:247,3
LF:49
LH:48
BRDA:57,1,0,36
BRDA:57,1,1,0
BRDA:92,2,0,25
BRDA:92,2,1,2
BRDA:93,3,0,25
BRDA:93,3,1,0
BRDA:94,4,0,25
BRDA:94,4,1,0
BRDA:95,5,0,24
BRDA:95,5,1,1
BRDA:157,6,0,13
BRDA:157,6,1,300
BRDA:201,7,0,2
BRDA:201,7,1,1
BRDA:203,8,0,2
BRDA:203,8,1,13
BRDA:222,9,0,25
BRDA:222,9,1,0
BRDA:234,10,0,24
BRDA:234,10,1,1
BRDA:235,11,0,6
BRDA:235,11,1,18
BRDA:246,12,0,3
BRDA:246,12,1,1
BRF:24
BRH:20
end_of_record
TN:
SF:/Users/guillaumedieudonne/Documents/Code/Perso/BlockChains/SideProjects/LetsFuckingGame/lets-fucking-game-v2/packages/hardhat/contracts/games/GameV1.sol
FN:58,constructor
FN:93,initialize
FN:134,startGame
FN:156,registerForGame
FN:188,playRound
FN:207,triggerDailyCheckpoint
FN:227,voteToSplitPot
FN:240,_startGame
FN:249,_resetGame
FN:270,_addPrizes
FN:287,_checkIfGameEnded
FN:335,_refreshPlayerStatus
FN:358,_addWinner
FN:389,_checkIfPrizeAmountIfNeeded
FN:402,_isGamePayable
FN:411,_randMod
FN:424,_resetRoundRange
FN:434,_setPlayerAsHavingLost
FN:446,_isAllPlayersSplitOk
FN:459,_getRemainingPlayersCount
FN:472,_pauseGame
FN:481,_unpauseGame
FN:514,getGameData
FN:548,setGameData
FN:566,getPlayerAddresses
FN:575,getPlayer
FN:583,getCronUpkeep
FN:591,getEncodedCron
FN:599,isAllPlayersSplitOk
FN:607,isGamePayable
FN:615,isGameAllPrizesStandard
FN:623,getRemainingPlayersCount
FN:636,setName
FN:645,setPlayTimeRange
FN:662,setMaxPlayers
FN:675,setCreatorFee
FN:686,setCronUpkeep
FN:696,setEncodedCron
FN:709,claimCreatorFee
FN:721,pause
FN:735,unpause
FN:749,transferCreatorOwnership
FN:775,onlyCreator
FN:783,onlyNotCreator
FN:791,onlyAdminOrCreator
FN:799,onlyAdminOrCreatorOrFactory
FN:810,onlyAdminOrKeeper
FN:821,onlyKeeper
FN:829,onlyIfKeeperDataInit
FN:838,onlyIfNotFull
FN:846,onlyIfFull
FN:854,onlyIfNotAlreadyEntered
FN:862,onlyIfAlreadyEntered
FN:870,onlyIfHasNotLost
FN:878,onlyIfHasNotPlayedThisRound
FN:886,onlyIfPlayersLowerHalfRemaining
FN:898,onlyIfGameIsInProgress
FN:906,onlyIfGameIsNotInProgress
FN:914,onlyRegistrationAmount
FN:922,onlyIfPlayerWon
FN:934,onlyIfNotBase
FN:942,onlyIfNotAlreadyInitialized
FN:950,onlyAllowedNumberOfPlayers
FN:959,onlyAllowedPlayTimeRange
FN:968,onlyCreatorFee
FN:976,onlyIfGameIsPayable
FN:984,onlyIfGameIsNotPayable
FN:992,onlyIfGameIsSplittable
FNF:68
FNH:57
FNDA:3,constructor
FNDA:19,initialize
FNDA:0,startGame
FNDA:451,registerForGame
FNDA:75,playRound
FNDA:85,triggerDailyCheckpoint
FNDA:10,voteToSplitPot
FNDA:40,_startGame
FNDA:20,_resetGame
FNDA:18,_addPrizes
FNDA:40,_checkIfGameEnded
FNDA:40,_refreshPlayerStatus
FNDA:23,_addWinner
FNDA:19,_checkIfPrizeAmountIfNeeded
FNDA:78,_isGamePayable
FNDA:570,_randMod
FNDA:570,_resetRoundRange
FNDA:217,_setPlayerAsHavingLost
FNDA:81,_isAllPlayersSplitOk
FNDA:357,_getRemainingPlayersCount
FNDA:22,_pauseGame
FNDA:2,_unpauseGame
FNDA:0,getGameData
FNDA:0,setGameData
FNDA:7,getPlayerAddresses
FNDA:0,getPlayer
FNDA:2,getCronUpkeep
FNDA:1,getEncodedCron
FNDA:1,isAllPlayersSplitOk
FNDA:0,isGamePayable
FNDA:0,isGameAllPrizesStandard
FNDA:9,getRemainingPlayersCount
FNDA:1,setName
FNDA:0,setPlayTimeRange
FNDA:1,setMaxPlayers
FNDA:1,setCreatorFee
FNDA:4,setCronUpkeep
FNDA:2,setEncodedCron
FNDA:2,claimCreatorFee
FNDA:21,pause
FNDA:2,unpause
FNDA:1,transferCreatorOwnership
FNDA:8,onlyCreator
FNDA:527,onlyNotCreator
FNDA:10,onlyAdminOrCreator
FNDA:23,onlyAdminOrCreatorOrFactory
FNDA:87,onlyAdminOrKeeper
FNDA:0,onlyKeeper
FNDA:2,onlyIfKeeperDataInit
FNDA:456,onlyIfNotFull
FNDA:79,onlyIfFull
FNDA:455,onlyIfNotAlreadyEntered
FNDA:90,onlyIfAlreadyEntered
FNDA:88,onlyIfHasNotLost
FNDA:76,onlyIfHasNotPlayedThisRound
FNDA:10,onlyIfPlayersLowerHalfRemaining
FNDA:87,onlyIfGameIsInProgress
FNDA:459,onlyIfGameIsNotInProgress
FNDA:454,onlyRegistrationAmount
FNDA:0,onlyIfPlayerWon
FNDA:26,onlyIfNotBase
FNDA:25,onlyIfNotAlreadyInitialized
FNDA:27,onlyAllowedNumberOfPlayers
FNDA:22,onlyAllowedPlayTimeRange
FNDA:22,onlyCreatorFee
FNDA:0,onlyIfGameIsPayable
FNDA:0,onlyIfGameIsNotPayable
FNDA:10,onlyIfGameIsSplittable
DA:59,3
DA:95,19
DA:96,19
DA:97,19
DA:98,19
DA:100,19
DA:102,19
DA:104,19
DA:105,19
DA:106,19
DA:108,19
DA:109,19
DA:111,19
DA:112,19
DA:114,19
DA:115,19
DA:118,19
DA:119,18
DA:124,16
DA:127,16
DA:135,0
DA:158,451
DA:168,451
DA:170,451
DA:190,75
DA:193,75
DA:194,17
DA:196,58
DA:197,58
DA:198,58
DA:208,85
DA:209,40
DA:210,40
DA:212,85
DA:229,10
DA:230,10
DA:241,40
DA:242,40
DA:243,40
DA:250,20
DA:251,20
DA:253,20
DA:255,20
DA:256,20
DA:259,20
DA:261,19
DA:263,19
DA:271,18
DA:272,18
DA:273,23
DA:274,23
DA:277,18
DA:278,13
DA:279,13
DA:288,40
DA:289,40
DA:291,40
DA:293,20
DA:295,20
DA:297,13
DA:298,130
DA:299,130
DA:304,130
DA:310,20
DA:312,3
DA:313,3
DA:314,3
DA:315,3
DA:316,30
DA:317,30
DA:318,6
DA:320,3
DA:323,20
DA:325,4
DA:326,4
DA:327,4
DA:329,20
DA:337,40
DA:339,37
DA:340,370
DA:342,370
DA:345,170
DA:346,170
DA:359,23
DA:360,23
DA:361,23
DA:363,23
DA:367,23
DA:380,23
DA:381,23
DA:382,23
DA:390,19
DA:392,6
DA:393,6
DA:395,6
DA:403,78
DA:413,570
DA:414,570
DA:415,570
DA:417,570
DA:425,570
DA:426,570
DA:427,570
DA:435,217
DA:436,217
DA:437,217
DA:439,217
DA:447,81
DA:448,81
DA:449,81
DA:450,810
DA:452,81
DA:460,357
DA:461,357
DA:462,3540
DA:464,357
DA:473,22
DA:474,22
DA:482,2
DA:485,2
DA:486,0
DA:487,0
DA:488,0
DA:489,0
DA:492,2
DA:515,0
DA:549,0
DA:550,0
DA:551,0
DA:552,0
DA:553,0
DA:554,0
DA:555,0
DA:556,0
DA:567,7
DA:576,0
DA:584,2
DA:592,1
DA:600,1
DA:608,0
DA:616,0
DA:624,9
DA:637,1
DA:646,0
DA:664,1
DA:676,1
DA:687,4
DA:688,3
DA:697,2
DA:711,2
DA:712,2
DA:713,2
DA:714,2
DA:722,21
DA:737,2
DA:750,1
DA:751,1
DA:776,8
DA:777,5
DA:784,527
DA:785,526
DA:792,10
DA:793,7
DA:800,23
DA:804,23
DA:811,87
DA:815,86
DA:822,0
DA:823,0
DA:830,2
DA:831,2
DA:832,2
DA:839,456
DA:840,455
DA:847,79
DA:848,78
DA:855,455
DA:856,454
DA:863,90
DA:864,88
DA:871,88
DA:872,86
DA:879,76
DA:880,75
DA:887,10
DA:888,10
DA:892,10
DA:899,87
DA:900,87
DA:907,459
DA:908,459
DA:915,454
DA:916,452
DA:923,0
DA:924,0
DA:928,0
DA:935,26
DA:936,25
DA:943,25
DA:944,24
DA:951,27
DA:952,25
DA:953,23
DA:960,22
DA:961,21
DA:962,20
DA:969,22
DA:970,21
DA:977,0
DA:978,0
DA:985,0
DA:986,0
DA:993,10
DA:994,10
LF:214
LH:187
BRDA:87,1,0,25
BRDA:87,1,1,1
BRDA:88,2,0,24
BRDA:88,2,1,1
BRDA:89,3,0,22
BRDA:89,3,1,2
BRDA:90,4,0,20
BRDA:90,4,1,2
BRDA:91,5,0,20
BRDA:91,5,1,0
BRDA:92,6,0,20
BRDA:92,6,1,0
BRDA:93,7,0,19
BRDA:93,7,1,1
BRDA:124,8,0,16
BRDA:124,8,1,0
BRDA:124,9,0,11
BRDA:124,9,1,5
BRDA:127,10,0,16
BRDA:127,10,1,0
BRDA:134,11,0,0
BRDA:134,11,1,0
BRDA:134,12,0,0
BRDA:134,12,1,0
BRDA:134,13,0,0
BRDA:134,13,1,0
BRDA:150,14,0,457
BRDA:150,14,1,0
BRDA:151,15,0,456
BRDA:151,15,1,1
BRDA:152,16,0,456
BRDA:152,16,1,0
BRDA:153,17,0,455
BRDA:153,17,1,1
BRDA:154,18,0,454
BRDA:154,18,1,1
BRDA:155,19,0,452
BRDA:155,19,1,2
BRDA:156,20,0,451
BRDA:156,20,1,1
BRDA:181,21,0,80
BRDA:181,21,1,0
BRDA:182,22,0,79
BRDA:182,22,1,1
BRDA:183,23,0,78
BRDA:183,23,1,1
BRDA:184,24,0,77
BRDA:184,24,1,1
BRDA:185,25,0,76
BRDA:185,25,1,1
BRDA:186,26,0,75
BRDA:186,26,1,1
BRDA:187,27,0,75
BRDA:187,27,1,0
BRDA:188,28,0,75
BRDA:188,28,1,0
BRDA:193,29,0,17
BRDA:193,29,1,58
BRDA:193,30,0,1
BRDA:193,30,1,16
BRDA:207,31,0,86
BRDA:207,31,1,1
BRDA:207,32,0,85
BRDA:207,32,1,1
BRDA:208,33,0,40
BRDA:208,33,1,45
BRDA:211,34,0,40
BRDA:211,34,1,5
BRDA:223,35,0,12
BRDA:223,35,1,0
BRDA:224,36,0,11
BRDA:224,36,1,1
BRDA:225,37,0,10
BRDA:225,37,1,1
BRDA:226,38,0,10
BRDA:226,38,1,0
BRDA:227,39,0,10
BRDA:227,39,1,0
BRDA:259,40,0,1
BRDA:259,40,1,19
BRDA:277,41,0,13
BRDA:277,41,1,5
BRDA:279,42,0,11
BRDA:279,42,1,2
BRDA:291,43,0,20
BRDA:291,43,1,20
BRDA:295,44,0,13
BRDA:295,44,1,7
BRDA:304,45,0,13
BRDA:304,45,1,117
BRDA:306,46,0,0
BRDA:306,46,1,117
BRDA:310,47,0,3
BRDA:310,47,1,17
BRDA:317,48,0,6
BRDA:317,48,1,24
BRDA:323,49,0,4
BRDA:323,49,1,16
BRDA:326,50,0,0
BRDA:326,50,1,4
BRDA:337,51,0,3
BRDA:337,51,1,37
BRDA:342,52,0,200
BRDA:342,52,1,170
BRDA:390,53,0,13
BRDA:390,53,1,6
BRDA:395,54,0,5
BRDA:395,54,1,1
BRDA:450,55,0,14
BRDA:450,55,1,796
BRDA:462,56,0,1753
BRDA:462,56,1,1787
BRDA:472,57,0,22
BRDA:472,57,1,0
BRDA:481,58,0,2
BRDA:481,58,1,0
BRDA:487,59,0,0
BRDA:487,59,1,0
BRDA:548,60,0,0
BRDA:548,60,1,0
BRDA:548,61,0,0
BRDA:548,61,1,0
BRDA:549,62,0,0
BRDA:549,62,1,0
BRDA:550,63,0,0
BRDA:550,63,1,0
BRDA:551,64,0,0
BRDA:551,64,1,0
BRDA:553,65,0,0
BRDA:553,65,1,0
BRDA:554,66,0,0
BRDA:554,66,1,0
BRDA:555,67,0,0
BRDA:555,67,1,0
BRDA:556,68,0,0
BRDA:556,68,1,0
BRDA:636,69,0,1
BRDA:636,69,1,1
BRDA:645,70,0,0
BRDA:645,70,1,0
BRDA:645,71,0,0
BRDA:645,71,1,0
BRDA:659,72,0,4
BRDA:659,72,1,0
BRDA:660,73,0,3
BRDA:660,73,1,1
BRDA:661,74,0,1
BRDA:661,74,1,2
BRDA:662,75,0,1
BRDA:662,75,1,0
BRDA:675,76,0,2
BRDA:675,76,1,1
BRDA:675,77,0,2
BRDA:675,77,1,0
BRDA:675,78,0,1
BRDA:675,78,1,1
BRDA:686,79,0,5
BRDA:686,79,1,0
BRDA:686,80,0,4
BRDA:686,80,1,1
BRDA:686,81,0,4
BRDA:686,81,1,0
BRDA:696,82,0,3
BRDA:696,82,1,0
BRDA:696,83,0,2
BRDA:696,83,1,1
BRDA:707,84,0,3
BRDA:707,84,1,1
BRDA:708,85,0,2
BRDA:708,85,1,1
BRDA:709,86,0,2
BRDA:709,86,1,0
BRDA:721,87,0,21
BRDA:721,87,1,0
BRDA:721,88,0,21
BRDA:721,88,1,0
BRDA:732,89,0,2
BRDA:732,89,1,0
BRDA:733,90,0,2
BRDA:733,90,1,0
BRDA:734,91,0,2
BRDA:734,91,1,0
BRDA:735,92,0,2
BRDA:735,92,1,0
BRDA:749,93,0,1
BRDA:749,93,1,1
BRDA:749,94,0,1
BRDA:749,94,1,0
BRDA:776,95,0,5
BRDA:776,95,1,3
BRDA:784,96,0,526
BRDA:784,96,1,1
BRDA:792,97,0,7
BRDA:792,97,1,3
BRDA:792,98,0,7
BRDA:792,98,1,0
BRDA:800,99,0,23
BRDA:800,99,1,0
BRDA:801,100,0,13
BRDA:801,100,1,0
BRDA:801,101,0,0
BRDA:801,101,1,10
BRDA:811,102,0,86
BRDA:811,102,1,1
BRDA:812,103,0,7
BRDA:812,103,1,79
BRDA:822,104,0,0
BRDA:822,104,1,0
BRDA:830,105,0,2
BRDA:830,105,1,0
BRDA:831,106,0,2
BRDA:831,106,1,0
BRDA:839,107,0,455
BRDA:839,107,1,1
BRDA:847,108,0,78
BRDA:847,108,1,1
BRDA:855,109,0,454
BRDA:855,109,1,1
BRDA:863,110,0,88
BRDA:863,110,1,2
BRDA:871,111,0,86
BRDA:871,111,1,2
BRDA:879,112,0,75
BRDA:879,112,1,1
BRDA:888,113,0,10
BRDA:888,113,1,0
BRDA:899,114,0,87
BRDA:899,114,1,0
BRDA:907,115,0,459
BRDA:907,115,1,0
BRDA:915,116,0,452
BRDA:915,116,1,2
BRDA:924,117,0,0
BRDA:924,117,1,0
BRDA:935,118,0,25
BRDA:935,118,1,1
BRDA:943,119,0,24
BRDA:943,119,1,1
BRDA:951,120,0,25
BRDA:951,120,1,2
BRDA:952,121,0,23
BRDA:952,121,1,2
BRDA:960,122,0,21
BRDA:960,122,1,1
BRDA:961,123,0,20
BRDA:961,123,1,1
BRDA:969,124,0,21
BRDA:969,124,1,1
BRDA:977,125,0,0
BRDA:977,125,1,0
BRDA:985,126,0,0
BRDA:985,126,1,0
BRDA:993,127,0,10
BRDA:993,127,1,0
BRF:254
BRH:176
end_of_record
TN:
SF:/Users/guillaumedieudonne/Documents/Code/Perso/BlockChains/SideProjects/LetsFuckingGame/lets-fucking-game-v2/packages/hardhat/contracts/giveways/GiveawayV1.sol
FN:49,constructor
FN:68,createGiveaway
FN:104,signUp
FN:115,hasSignedUp
FN:122,hasSignedUp
FN:143,fulfillGiveawayWinner
FN:166,fulfillSignUp
FN:186,fulfillRefreshGiveaway
FN:197,refreshActiveGiveawayStatus
FN:209,performUpkeep
FN:222,checkUpkeep
FN:243,getGiveawayURI
FN:266,getGiveawayRefreshURI
FN:285,getSignUpURI
FN:293,getGiveaways
FN:312,setupKeeper
FN:322,pauseGiveaways
FN:331,unpauseGiveaways
FN:340,withdrawLink
FN:349,setRequestBaseURI
FN:357,addUser
FN:375,cancelRequest
FN:387,_validate
FN:396,_requestGiveawayWinner
FN:410,_requestSignUp
FN:424,_requestRefreshGiveaway
FN:442,_performGiveawayWinner
FN:457,_checkInBatch
FN:466,_isGiveawayCouldEnded
FN:481,_addWinner
FNF:30
FNH:3
FNDA:3,constructor
FNDA:2,createGiveaway
FNDA:0,signUp
FNDA:0,hasSignedUp
FNDA:0,hasSignedUp
FNDA:0,fulfillGiveawayWinner
FNDA:0,fulfillSignUp
FNDA:0,fulfillRefreshGiveaway
FNDA:0,refreshActiveGiveawayStatus
FNDA:0,performUpkeep
FNDA:0,checkUpkeep
FNDA:0,getGiveawayURI
FNDA:0,getGiveawayRefreshURI
FNDA:0,getSignUpURI
FNDA:3,getGiveaways
FNDA:0,setupKeeper
FNDA:0,pauseGiveaways
FNDA:0,unpauseGiveaways
FNDA:0,withdrawLink
FNDA:0,setRequestBaseURI
FNDA:0,addUser
FNDA:0,cancelRequest
FNDA:0,_validate
FNDA:0,_requestGiveawayWinner
FNDA:0,_requestSignUp
FNDA:0,_requestRefreshGiveaway
FNDA:0,_performGiveawayWinner
FNDA:0,_checkInBatch
FNDA:0,_isGiveawayCouldEnded
FNDA:0,_addWinner
DA:50,3
DA:51,3
DA:52,3
DA:54,3
DA:56,3
DA:57,3
DA:58,3
DA:77,2
DA:90,2
DA:91,2
DA:94,2
DA:96,2
DA:98,2
DA:105,0
DA:107,0
DA:108,0
DA:116,0
DA:123,0
DA:124,0
DA:125,0
DA:144,0
DA:145,0
DA:147,0
DA:148,0
DA:149,0
DA:150,0
DA:151,0
DA:167,0
DA:169,0
DA:170,0
DA:171,0
DA:172,0
DA:187,0
DA:188,0
DA:198,0
DA:199,0
DA:200,0
DA:201,0
DA:210,0
DA:211,0
DA:223,0
DA:224,0
DA:225,0
DA:226,0
DA:227,0
DA:228,0
DA:230,0
DA:231,0
DA:233,0
DA:244,0
DA:267,0
DA:286,0
DA:294,3
DA:295,3
DA:296,3
DA:313,0
DA:314,0
DA:315,0
DA:323,0
DA:324,0
DA:332,0
DA:333,0
DA:341,0
DA:342,0
DA:350,0
DA:358,0
DA:376,0
DA:388,0
DA:389,0
DA:397,0
DA:398,0
DA:400,0
DA:401,0
DA:402,0
DA:403,0
DA:411,0
DA:412,0
DA:414,0
DA:415,0
DA:416,0
DA:417,0
DA:425,0
DA:430,0
DA:432,0
DA:433,0
DA:434,0
DA:435,0
DA:443,0
DA:444,0
DA:445,0
DA:446,0
DA:461,0
DA:462,0
DA:467,0
DA:488,0
DA:489,0
DA:490,0
DA:503,0
DA:504,0
LF:99
LH:16
BRDA:94,1,0,2
BRDA:94,1,1,0
BRDA:124,2,0,0
BRDA:124,2,1,0
BRDA:143,3,0,0
BRDA:143,3,1,0
BRDA:149,4,0,0
BRDA:149,4,1,0
BRDA:166,5,0,0
BRDA:166,5,1,0
BRDA:167,6,0,0
BRDA:167,6,1,0
BRDA:172,7,0,0
BRDA:172,7,1,0
BRDA:186,8,0,0
BRDA:186,8,1,0
BRDA:188,9,0,0
BRDA:188,9,1,0
BRDA:197,10,0,0
BRDA:197,10,1,0
BRDA:199,11,0,0
BRDA:199,11,1,0
BRDA:209,12,0,0
BRDA:209,12,1,0
BRDA:222,13,0,0
BRDA:222,13,1,0
BRDA:228,14,0,0
BRDA:228,14,1,0
BRDA:231,15,0,0
BRDA:231,15,1,0
BRDA:312,16,0,0
BRDA:312,16,1,0
BRDA:312,17,0,0
BRDA:312,17,1,0
BRDA:312,18,0,0
BRDA:312,18,1,0
BRDA:322,19,0,0
BRDA:322,19,1,0
BRDA:322,20,0,0
BRDA:322,20,1,0
BRDA:331,21,0,0
BRDA:331,21,1,0
BRDA:331,22,0,0
BRDA:331,22,1,0
BRDA:340,23,0,0
BRDA:340,23,1,0
BRDA:342,24,0,0
BRDA:342,24,1,0
BRDA:349,25,0,0
BRDA:349,25,1,0
BRDA:357,26,0,0
BRDA:357,26,1,0
BRDA:358,27,0,0
BRDA:358,27,1,0
BRDA:375,28,0,0
BRDA:375,28,1,0
BRDA:388,29,0,0
BRDA:388,29,1,0
BRDA:389,30,0,0
BRDA:389,30,1,0
BRDA:396,31,0,0
BRDA:396,31,1,0
BRDA:396,32,0,0
BRDA:396,32,1,0
BRDA:410,33,0,0
BRDA:410,33,1,0
BRDA:410,34,0,0
BRDA:410,34,1,0
BRDA:424,35,0,0
BRDA:424,35,1,0
BRDA:424,36,0,0
BRDA:424,36,1,0
BRDA:442,37,0,0
BRDA:442,37,1,0
BRDA:442,38,0,0
BRDA:442,38,1,0
BRDA:462,39,0,0
BRDA:462,39,1,0
BRDA:468,40,0,0
BRDA:468,40,1,0
BRF:80
BRH:1
end_of_record
TN:
SF:/Users/guillaumedieudonne/Documents/Code/Perso/BlockChains/SideProjects/LetsFuckingGame/lets-fucking-game-v2/packages/hardhat/contracts/interfaces/IChild.sol
FNF:0
FNH:0
LF:0
LH:0
BRF:0
BRH:0
end_of_record
TN:
SF:/Users/guillaumedieudonne/Documents/Code/Perso/BlockChains/SideProjects/LetsFuckingGame/lets-fucking-game-v2/packages/hardhat/contracts/interfaces/ICronUpkeep.sol
FNF:0
FNH:0
LF:0
LH:0
BRF:0
BRH:0
end_of_record
TN:
SF:/Users/guillaumedieudonne/Documents/Code/Perso/BlockChains/SideProjects/LetsFuckingGame/lets-fucking-game-v2/packages/hardhat/contracts/interfaces/IGame.sol
FNF:0
FNH:0
LF:0
LH:0
BRF:0
BRH:0
end_of_record
TN:
SF:/Users/guillaumedieudonne/Documents/Code/Perso/BlockChains/SideProjects/LetsFuckingGame/lets-fucking-game-v2/packages/hardhat/contracts/interfaces/IGiveaway.sol
FNF:0
FNH:0
LF:0
LH:0
BRF:0
BRH:0
end_of_record
TN:
SF:/Users/guillaumedieudonne/Documents/Code/Perso/BlockChains/SideProjects/LetsFuckingGame/lets-fucking-game-v2/packages/hardhat/contracts/interfaces/IKeeper.sol
FNF:0
FNH:0
LF:0
LH:0
BRF:0
BRH:0
end_of_record
TN:
SF:/Users/guillaumedieudonne/Documents/Code/Perso/BlockChains/SideProjects/LetsFuckingGame/lets-fucking-game-v2/packages/hardhat/contracts/keepers/CronUpkeep.sol
FN:67,constructor
FN:83,performUpkeep
FN:108,createCronJobFromEncodedSpec
FN:128,updateCronJob
FN:142,deleteCronJob
FN:156,addDelegator
FN:167,removeDelegator
FN:181,checkUpkeep
FN:209,getActiveCronJobIDs
FN:222,getNextCronJobIDs
FN:230,getDelegators
FN:248,getCronJob
FN:258,pause
FN:265,unpause
FN:279,_createCronJobFromSpec
FN:291,_isExistDelegator
FN:309,_validate
FN:331,_handlerSig
FN:342,_checkInRange
FN:354,onlyValidCronID
FN:361,onlyOwnerOrDelegator
FNF:21
FNH:14
FNDA:6,constructor
FNDA:7,performUpkeep
FNDA:22,createCronJobFromEncodedSpec
FNDA:0,updateCronJob
FNDA:22,deleteCronJob
FNDA:58,addDelegator
FNDA:0,removeDelegator
FNDA:13,checkUpkeep
FNDA:0,getActiveCronJobIDs
FNDA:22,getNextCronJobIDs
FNDA:0,getDelegators
FNDA:0,getCronJob
FNDA:0,pause
FNDA:0,unpause
FNDA:22,_createCronJobFromSpec
FNDA:155,_isExistDelegator
FNDA:7,_validate
FNDA:29,_handlerSig
FNDA:20,_checkInRange
FNDA:22,onlyValidCronID
FNDA:102,onlyOwnerOrDelegator
DA:68,6
DA:69,6
DA:70,0
DA:71,0
DA:84,7
DA:89,7
DA:90,7
DA:92,7
DA:94,7
DA:95,7
DA:109,22
DA:110,0
DA:112,22
DA:113,22
DA:129,0
DA:130,0
DA:131,0
DA:132,0
DA:133,0
DA:134,0
DA:143,22
DA:144,22
DA:145,22
DA:146,22
DA:147,22
DA:148,22
DA:149,22
DA:157,58
DA:158,58
DA:159,58
DA:168,0
DA:169,0
DA:170,0
DA:171,0
DA:186,13
DA:188,13
DA:189,0
DA:191,13
DA:192,13
DA:193,13
DA:194,13
DA:195,13
DA:196,6
DA:198,7
DA:199,7
DA:200,1
DA:202,6
DA:210,0
DA:211,0
DA:212,0
DA:213,0
DA:215,0
DA:223,22
DA:231,0
DA:251,0
DA:252,0
DA:259,0
DA:266,0
DA:280,22
DA:281,22
DA:282,22
DA:283,22
DA:284,22
DA:285,22
DA:286,22
DA:287,22
DA:288,22
DA:292,155
DA:293,155
DA:294,1074
DA:295,97
DA:296,97
DA:299,155
DA:310,7
DA:311,7
DA:312,0
DA:314,7
DA:315,0
DA:317,7
DA:318,0
DA:320,7
DA:321,0
DA:332,29
DA:343,20
DA:344,20
DA:345,20
DA:346,20
DA:347,20
DA:348,20
DA:349,7
DA:355,22
DA:356,0
DA:358,22
DA:362,102
DA:363,102
LF:95
LH:66
BRDA:69,1,0,0
BRDA:69,1,1,6
BRDA:83,2,0,7
BRDA:83,2,1,0
BRDA:94,3,0,0
BRDA:94,3,1,7
BRDA:108,4,0,22
BRDA:108,4,1,0
BRDA:109,5,0,0
BRDA:109,5,1,22
BRDA:128,6,0,0
BRDA:128,6,1,0
BRDA:128,7,0,0
BRDA:128,7,1,0
BRDA:142,8,0,22
BRDA:142,8,1,0
BRDA:142,9,0,22
BRDA:142,9,1,0
BRDA:156,10,0,58
BRDA:156,10,1,0
BRDA:157,11,0,58
BRDA:157,11,1,0
BRDA:167,12,0,0
BRDA:167,12,1,0
BRDA:169,13,0,0
BRDA:169,13,1,0
BRDA:181,14,0,13
BRDA:181,14,1,0
BRDA:188,15,0,0
BRDA:188,15,1,13
BRDA:195,16,0,6
BRDA:195,16,1,7
BRDA:199,17,0,1
BRDA:199,17,1,6
BRDA:248,18,0,0
BRDA:248,18,1,0
BRDA:258,19,0,0
BRDA:258,19,1,0
BRDA:265,20,0,0
BRDA:265,20,1,0
BRDA:294,21,0,97
BRDA:294,21,1,977
BRDA:311,22,0,0
BRDA:311,22,1,7
BRDA:314,23,0,0
BRDA:314,23,1,7
BRDA:317,24,0,0
BRDA:317,24,1,7
BRDA:320,25,0,0
BRDA:320,25,1,7
BRDA:348,26,0,7
BRDA:348,26,1,13
BRDA:355,27,0,0
BRDA:355,27,1,22
BRDA:362,28,0,102
BRDA:362,28,1,0
BRDA:362,29,0,5
BRDA:362,29,1,97
BRF:58
BRH:27
end_of_record
TN:
SF:/Users/guillaumedieudonne/Documents/Code/Perso/BlockChains/SideProjects/LetsFuckingGame/lets-fucking-game-v2/packages/hardhat/contracts/keepers/Keeper.sol
FN:25,constructor
FN:39,registerCronToUpkeep
FN:48,registerCronToUpkeep
FN:61,getCronUpkeep
FN:69,getEncodedCron
FN:77,getHandler
FN:86,setCronUpkeep
FN:97,setEncodedCron
FN:109,pauseKeeper
FN:119,unpauseKeeper
FN:131,transferOwnership
FN:140,_setEncodedCron
FN:147,_registerCronToUpkeep
FN:163,onlyIfKeeperDataInit
FNF:14
FNH:12
FNDA:24,constructor
FNDA:0,registerCronToUpkeep
FNDA:16,registerCronToUpkeep
FNDA:91,getCronUpkeep
FNDA:3,getEncodedCron
FNDA:0,getHandler
FNDA:3,setCronUpkeep
FNDA:2,setEncodedCron
FNDA:22,pauseKeeper
FNDA:2,unpauseKeeper
FNDA:16,transferOwnership
FNDA:2,_setEncodedCron
FNDA:22,_registerCronToUpkeep
FNDA:2,onlyIfKeeperDataInit
DA:26,24
DA:27,24
DA:28,24
DA:40,0
DA:41,0
DA:49,16
DA:50,16
DA:62,91
DA:70,3
DA:78,0
DA:87,3
DA:88,3
DA:89,3
DA:98,2
DA:110,22
DA:111,22
DA:112,22
DA:121,2
DA:123,2
DA:124,2
DA:132,16
DA:133,16
DA:141,2
DA:142,1
DA:143,1
DA:144,1
DA:148,22
DA:149,22
DA:151,22
DA:153,22
DA:164,2
DA:165,2
DA:166,2
LF:33
LH:30
BRDA:39,1,0,0
BRDA:39,1,1,0
BRDA:48,2,0,16
BRDA:48,2,1,0
BRDA:61,3,0,91
BRDA:61,3,1,0
BRDA:69,4,0,3
BRDA:69,4,1,0
BRDA:77,5,0,0
BRDA:77,5,1,0
BRDA:86,6,0,3
BRDA:86,6,1,0
BRDA:97,7,0,2
BRDA:97,7,1,0
BRDA:109,8,0,22
BRDA:109,8,1,0
BRDA:119,9,0,2
BRDA:119,9,1,0
BRDA:119,10,0,2
BRDA:119,10,1,0
BRDA:121,11,0,0
BRDA:121,11,1,2
BRDA:131,12,0,16
BRDA:131,12,1,0
BRDA:132,13,0,16
BRDA:132,13,1,0
BRDA:140,14,0,2
BRDA:140,14,1,0
BRDA:140,15,0,2
BRDA:140,15,1,0
BRDA:141,16,0,1
BRDA:141,16,1,1
BRDA:147,17,0,22
BRDA:147,17,1,0
BRDA:164,18,0,2
BRDA:164,18,1,0
BRDA:165,19,0,2
BRDA:165,19,1,0
BRF:38
BRH:18
end_of_record
TN:
SF:/Users/guillaumedieudonne/Documents/Code/Perso/BlockChains/SideProjects/LetsFuckingGame/lets-fucking-game-v2/packages/hardhat/contracts/libraries/KeeperHelpers.sol
FN:20,createKeeper
FNF:1
FNH:1
FNDA:24,createKeeper
DA:25,24
DA:26,24
LF:2
LH:2
BRF:0
BRH:0
end_of_record
TN:
SF:/Users/guillaumedieudonne/Documents/Code/Perso/BlockChains/SideProjects/LetsFuckingGame/lets-fucking-game-v2/packages/hardhat/contracts/libraries/TokenHelpers.sol
FN:26,safeTransfert
FN:43,transfertERC20
FN:56,transfertERC721
FN:67,getERC721TokenIds
FN:84,getERC20Balance
FN:91,onlyIfEnoughtBalance
FNF:6
FNH:2
FNDA:13,safeTransfert
FNDA:0,transfertERC20
FNDA:0,transfertERC721
FNDA:0,getERC721TokenIds
FNDA:0,getERC20Balance
FNDA:13,onlyIfEnoughtBalance
DA:27,13
DA:29,13
DA:30,0
DA:31,0
DA:44,0
DA:45,0
DA:57,0
DA:68,0
DA:69,0
DA:71,0
DA:72,0
DA:74,0
DA:85,0
DA:92,13
DA:93,13
LF:15
LH:4
BRDA:26,1,0,13
BRDA:26,1,1,0
BRDA:29,2,0,0
BRDA:29,2,1,13
BRDA:31,3,0,0
BRDA:31,3,1,0
BRDA:45,4,0,0
BRDA:45,4,1,0
BRDA:45,5,0,0
BRDA:45,5,1,0
BRDA:92,6,0,13
BRDA:92,6,1,0
BRF:12
BRH:3
end_of_record
TN:
SF:/Users/guillaumedieudonne/Documents/Code/Perso/BlockChains/SideProjects/LetsFuckingGame/lets-fucking-game-v2/packages/hardhat/contracts/mocks/LinkToken.sol
FNF:0
FNH:0
LF:0
LH:0
BRF:0
BRH:0
end_of_record
TN:
SF:/Users/guillaumedieudonne/Documents/Code/Perso/BlockChains/SideProjects/LetsFuckingGame/lets-fucking-game-v2/packages/hardhat/contracts/multicall/Multicall3.sol
FN:45,aggregate
FN:66,tryAggregate
FN:91,tryBlockAndAggregate
FN:111,blockAndAggregate
FN:126,aggregate3
FN:159,aggregate3Value
FN:199,getBlockHash
FN:204,getBlockNumber
FN:209,getCurrentBlockCoinbase
FN:214,getCurrentBlockDifficulty
FN:219,getCurrentBlockGasLimit
FN:224,getCurrentBlockTimestamp
FN:229,getEthBalance
FN:234,getLastBlockHash
FN:242,getBasefee
FN:247,getChainId
FNF:16
FNH:0
FNDA:0,aggregate
FNDA:0,tryAggregate
FNDA:0,tryBlockAndAggregate
FNDA:0,blockAndAggregate
FNDA:0,aggregate3
FNDA:0,aggregate3Value
FNDA:0,getBlockHash
FNDA:0,getBlockNumber
FNDA:0,getCurrentBlockCoinbase
FNDA:0,getCurrentBlockDifficulty
FNDA:0,getCurrentBlockGasLimit
FNDA:0,getCurrentBlockTimestamp
FNDA:0,getEthBalance
FNDA:0,getLastBlockHash
FNDA:0,getBasefee
FNDA:0,getChainId
DA:46,0
DA:47,0
DA:48,0
DA:49,0
DA:50,0
DA:51,0
DA:52,0
DA:53,0
DA:54,0
DA:55,0
DA:56,0
DA:71,0
DA:72,0
DA:73,0
DA:74,0
DA:75,0
DA:76,0
DA:77,0
DA:78,0
DA:79,0
DA:80,0
DA:100,0
DA:101,0
DA:102,0
DA:120,0
DA:127,0
DA:128,0
DA:129,0
DA:130,0
DA:131,0
DA:132,0
DA:133,0
DA:134,0
DA:149,0
DA:150,0
DA:160,0
DA:161,0
DA:162,0
DA:163,0
DA:164,0
DA:165,0
DA:166,0
DA:167,0
DA:170,0
DA:171,0
DA:173,0
DA:174,0
DA:189,0
DA:190,0
DA:194,0
DA:200,0
DA:205,0
DA:210,0
DA:215,0
DA:220,0
DA:225,0
DA:230,0
DA:235,0
DA:236,0
DA:243,0
DA:248,0
LF:61
LH:0
BRDA:54,1,0,0
BRDA:54,1,1,0
BRDA:78,2,0,0
BRDA:78,2,1,0
BRDA:78,3,0,0
BRDA:78,3,1,0
BRDA:194,4,0,0
BRDA:194,4,1,0
BRF:8
BRH:0
end_of_record
