{"contracts/abstracts/Child.sol":{"l":{"45":6,"46":6,"63":0,"65":0,"74":9,"75":11,"76":8,"77":7,"79":7,"80":7,"82":7,"83":7,"85":0,"92":0,"100":7,"102":1,"114":2,"115":2,"124":44,"125":0,"127":0,"129":44,"130":44,"146":39,"147":47,"152":39,"160":2,"161":2,"163":2,"175":153,"176":153,"178":139,"179":139,"188":0,"189":0,"190":0,"199":0,"200":0,"201":0,"215":2,"224":3,"238":1,"251":0,"252":0,"261":0,"262":0,"271":0,"272":0,"281":0,"282":0,"296":2,"297":2,"298":2,"299":2,"307":0,"315":0,"328":1,"329":1,"340":0,"341":0,"351":2,"352":0,"353":0,"355":2,"356":0,"357":0,"358":0,"361":2,"370":2,"380":0,"400":0,"425":9,"426":6,"433":0,"434":0,"441":11,"442":8,"449":6,"450":6,"457":537,"458":537,"459":537,"462":537,"463":537,"470":15,"471":14,"478":6,"479":4,"486":4,"487":4,"494":22,"495":21,"503":20,"504":20,"505":19,"513":0,"514":0,"521":2,"522":2},"path":"/Users/guillaumedieudonne/Documents/Code/Perso/BlockChains/SideProjects/LetsFuckingGame/lets-fucking-game-v2/packages/hardhat/contracts/abstracts/Child.sol","s":{"1":0,"2":0,"3":9,"4":11,"5":8,"6":7,"7":7,"8":7,"9":7,"10":0,"11":0,"12":0,"13":0,"14":0,"15":7,"16":1,"17":2,"18":2,"19":44,"20":0,"21":44,"22":0,"23":44,"24":44,"25":39,"26":47,"27":0,"28":39,"29":2,"30":2,"31":2,"32":2,"33":153,"34":153,"35":14,"36":139,"37":139,"38":0,"39":0,"40":0,"41":0,"42":0,"43":0,"44":0,"45":0,"46":2,"47":3,"48":0,"49":0,"50":0,"51":0,"52":0,"53":0,"54":0,"55":0,"56":0,"57":0,"58":2,"59":2,"60":2,"61":0,"62":0,"63":1,"64":0,"65":2,"66":0,"67":0,"68":2,"69":0,"70":0,"71":0,"72":2,"73":2,"74":0,"75":0,"76":9,"77":0,"78":11,"79":6,"80":537,"81":537,"82":537,"83":15,"84":6,"85":4,"86":22,"87":20,"88":20,"89":25,"90":0,"91":2},"b":{"1":[0,0],"2":[0,0],"3":[0,0],"4":[0,0],"5":[0,0],"6":[9,1],"7":[8,3],"8":[7,1],"9":[7,0],"10":[7,0],"11":[0,0],"12":[0,0],"13":[0,0],"14":[0,1],"15":[0,44],"16":[0,44],"17":[0,47],"18":[2,0],"19":[2,0],"20":[14,139],"21":[0,0],"22":[0,0],"23":[2,0],"24":[3,0],"25":[2,1],"26":[1,1],"27":[0,0],"28":[0,0],"29":[0,0],"30":[0,0],"31":[0,0],"32":[0,0],"33":[0,0],"34":[0,0],"35":[0,0],"36":[0,0],"37":[0,0],"38":[0,0],"39":[3,1],"40":[2,1],"41":[2,0],"42":[1,1],"43":[1,0],"44":[0,1],"45":[0,0],"46":[2,1],"47":[0,0],"48":[2,0],"49":[0,0],"50":[0,0],"51":[6,3],"52":[0,0],"53":[8,3],"54":[2,6],"55":[6,0],"56":[537,0],"57":[14,1],"58":[4,2],"59":[4,0],"60":[21,1],"61":[20,0],"62":[24,1],"63":[2,0]},"f":{"1":6,"2":0,"3":9,"4":2,"5":44,"6":39,"7":2,"8":153,"9":0,"10":0,"11":2,"12":3,"13":1,"14":0,"15":0,"16":0,"17":0,"18":2,"19":0,"20":0,"21":1,"22":0,"23":2,"24":2,"25":0,"26":0,"27":9,"28":0,"29":11,"30":6,"31":537,"32":15,"33":6,"34":4,"35":22,"36":20,"37":0,"38":2},"fnMap":{"1":{"name":"constructor","line":44,"loc":{"start":{"line":44,"column":4},"end":{"line":47,"column":4}}},"2":{"name":"addPrizes","line":62,"loc":{"start":{"line":60,"column":4},"end":{"line":66,"column":4}}},"3":{"name":"claimPrize","line":73,"loc":{"start":{"line":73,"column":4},"end":{"line":103,"column":4}}},"4":{"name":"_addPrizes","line":113,"loc":{"start":{"line":113,"column":4},"end":{"line":117,"column":4}}},"5":{"name":"_addPrize","line":123,"loc":{"start":{"line":123,"column":4},"end":{"line":138,"column":4}}},"6":{"name":"_isChildAllPrizesStandard","line":145,"loc":{"start":{"line":145,"column":4},"end":{"line":153,"column":4}}},"7":{"name":"_checkIfPrizeAmountIfNeeded","line":159,"loc":{"start":{"line":159,"column":4},"end":{"line":164,"column":4}}},"8":{"name":"_getPrizeForPosition","line":171,"loc":{"start":{"line":171,"column":4},"end":{"line":180,"column":4}}},"9":{"name":"_isExistAllowedERC20","line":187,"loc":{"start":{"line":187,"column":4},"end":{"line":191,"column":4}}},"10":{"name":"_isExistAllowedERC721","line":198,"loc":{"start":{"line":198,"column":4},"end":{"line":202,"column":4}}},"11":{"name":"getWinners","line":214,"loc":{"start":{"line":212,"column":4},"end":{"line":216,"column":4}}},"12":{"name":"getPrizes","line":223,"loc":{"start":{"line":223,"column":4},"end":{"line":225,"column":4}}},"13":{"name":"setTreasuryFee","line":237,"loc":{"start":{"line":237,"column":4},"end":{"line":239,"column":4}}},"14":{"name":"addTokenERC20","line":250,"loc":{"start":{"line":250,"column":4},"end":{"line":253,"column":4}}},"15":{"name":"removeTokenERC20","line":260,"loc":{"start":{"line":260,"column":4},"end":{"line":263,"column":4}}},"16":{"name":"addTokenERC721","line":270,"loc":{"start":{"line":270,"column":4},"end":{"line":273,"column":4}}},"17":{"name":"removeTokenERC721","line":280,"loc":{"start":{"line":280,"column":4},"end":{"line":283,"column":4}}},"18":{"name":"claimTreasuryFee","line":294,"loc":{"start":{"line":289,"column":4},"end":{"line":300,"column":4}}},"19":{"name":"pause","line":306,"loc":{"start":{"line":306,"column":4},"end":{"line":308,"column":4}}},"20":{"name":"unpause","line":314,"loc":{"start":{"line":314,"column":4},"end":{"line":316,"column":4}}},"21":{"name":"transferAdminOwnership","line":327,"loc":{"start":{"line":327,"column":4},"end":{"line":330,"column":4}}},"22":{"name":"transferFactoryOwnership","line":339,"loc":{"start":{"line":337,"column":4},"end":{"line":342,"column":4}}},"23":{"name":"withdrawFunds","line":350,"loc":{"start":{"line":350,"column":4},"end":{"line":362,"column":4}}},"24":{"name":"withdrawNative","line":369,"loc":{"start":{"line":369,"column":4},"end":{"line":371,"column":4}}},"25":{"name":"withdrawERC20","line":379,"loc":{"start":{"line":379,"column":4},"end":{"line":386,"column":4}}},"26":{"name":"withdrawERC721","line":399,"loc":{"start":{"line":395,"column":4},"end":{"line":401,"column":4}}},"27":{"name":"onlyAdmin","line":424,"loc":{"start":{"line":424,"column":4},"end":{"line":427,"column":4}}},"28":{"name":"onlyFactory","line":432,"loc":{"start":{"line":432,"column":4},"end":{"line":435,"column":4}}},"29":{"name":"onlyAdminOrFactory","line":440,"loc":{"start":{"line":440,"column":4},"end":{"line":443,"column":4}}},"30":{"name":"onlyAddressInit","line":448,"loc":{"start":{"line":448,"column":4},"end":{"line":451,"column":4}}},"31":{"name":"onlyHumans","line":456,"loc":{"start":{"line":456,"column":4},"end":{"line":464,"column":4}}},"32":{"name":"onlyIfEpoch","line":469,"loc":{"start":{"line":469,"column":4},"end":{"line":472,"column":4}}},"33":{"name":"onlyIfClaimableAmount","line":477,"loc":{"start":{"line":477,"column":4},"end":{"line":480,"column":4}}},"34":{"name":"onlyIfEnoughtBalance","line":485,"loc":{"start":{"line":485,"column":4},"end":{"line":488,"column":4}}},"35":{"name":"onlyTreasuryFee","line":493,"loc":{"start":{"line":493,"column":4},"end":{"line":496,"column":4}}},"36":{"name":"onlyIfPrizesParam","line":502,"loc":{"start":{"line":502,"column":4},"end":{"line":506,"column":4}}},"37":{"name":"onlyIfPrizeAmountIfNeeded","line":512,"loc":{"start":{"line":512,"column":4},"end":{"line":515,"column":4}}},"38":{"name":"onlyIfPrizesIsNotEmpty","line":520,"loc":{"start":{"line":520,"column":4},"end":{"line":523,"column":4}}}},"statementMap":{"1":{"start":{"line":63,"column":8},"end":{"line":63,"column":26}},"2":{"start":{"line":65,"column":8},"end":{"line":65,"column":85}},"3":{"start":{"line":74,"column":8},"end":{"line":74,"column":2649}},"4":{"start":{"line":75,"column":12},"end":{"line":75,"column":2714}},"5":{"start":{"line":76,"column":16},"end":{"line":76,"column":96}},"6":{"start":{"line":77,"column":16},"end":{"line":77,"column":109}},"7":{"start":{"line":80,"column":16},"end":{"line":80,"column":88}},"8":{"start":{"line":82,"column":16},"end":{"line":82,"column":3194}},"9":{"start":{"line":83,"column":20},"end":{"line":83,"column":109}},"10":{"start":{"line":84,"column":21},"end":{"line":84,"column":3365}},"11":{"start":{"line":85,"column":20},"end":{"line":85,"column":3380}},"12":{"start":{"line":91,"column":21},"end":{"line":91,"column":3706}},"13":{"start":{"line":92,"column":20},"end":{"line":92,"column":3721}},"14":{"start":{"line":98,"column":21},"end":{"line":98,"column":62}},"15":{"start":{"line":100,"column":16},"end":{"line":100,"column":22}},"16":{"start":{"line":102,"column":8},"end":{"line":102,"column":54}},"17":{"start":{"line":114,"column":8},"end":{"line":114,"column":4379}},"18":{"start":{"line":115,"column":12},"end":{"line":115,"column":32}},"19":{"start":{"line":124,"column":8},"end":{"line":124,"column":4742}},"20":{"start":{"line":125,"column":12},"end":{"line":125,"column":104}},"21":{"start":{"line":126,"column":13},"end":{"line":126,"column":4888}},"22":{"start":{"line":127,"column":12},"end":{"line":127,"column":106}},"23":{"start":{"line":129,"column":8},"end":{"line":129,"column":43}},"24":{"start":{"line":130,"column":8},"end":{"line":130,"column":4980}},"25":{"start":{"line":146,"column":8},"end":{"line":146,"column":5524}},"26":{"start":{"line":147,"column":12},"end":{"line":147,"column":5597}},"27":{"start":{"line":151,"column":14},"end":{"line":151,"column":26}},"28":{"start":{"line":152,"column":8},"end":{"line":152,"column":19}},"29":{"start":{"line":160,"column":8},"end":{"line":160,"column":29}},"30":{"start":{"line":161,"column":8},"end":{"line":161,"column":113}},"31":{"start":{"line":161,"column":53},"end":{"line":161,"column":113}},"32":{"start":{"line":163,"column":8},"end":{"line":163,"column":71}},"33":{"start":{"line":175,"column":8},"end":{"line":175,"column":6571}},"34":{"start":{"line":176,"column":12},"end":{"line":176,"column":93}},"35":{"start":{"line":176,"column":59},"end":{"line":176,"column":93}},"36":{"start":{"line":178,"column":8},"end":{"line":178,"column":33}},"37":{"start":{"line":179,"column":8},"end":{"line":179,"column":36}},"38":{"start":{"line":188,"column":8},"end":{"line":188,"column":7192}},"39":{"start":{"line":189,"column":12},"end":{"line":189,"column":72}},"40":{"start":{"line":189,"column":56},"end":{"line":189,"column":72}},"41":{"start":{"line":190,"column":8},"end":{"line":190,"column":25}},"42":{"start":{"line":199,"column":8},"end":{"line":199,"column":7671}},"43":{"start":{"line":200,"column":12},"end":{"line":200,"column":73}},"44":{"start":{"line":200,"column":57},"end":{"line":200,"column":73}},"45":{"start":{"line":201,"column":8},"end":{"line":201,"column":25}},"46":{"start":{"line":215,"column":8},"end":{"line":215,"column":30}},"47":{"start":{"line":224,"column":8},"end":{"line":224,"column":29}},"48":{"start":{"line":251,"column":8},"end":{"line":251,"column":55}},"49":{"start":{"line":252,"column":8},"end":{"line":252,"column":53}},"50":{"start":{"line":252,"column":22},"end":{"line":252,"column":52}},"51":{"start":{"line":261,"column":8},"end":{"line":261,"column":68}},"52":{"start":{"line":262,"column":8},"end":{"line":262,"column":53}},"53":{"start":{"line":271,"column":8},"end":{"line":271,"column":56}},"54":{"start":{"line":272,"column":8},"end":{"line":272,"column":54}},"55":{"start":{"line":272,"column":22},"end":{"line":272,"column":53}},"56":{"start":{"line":281,"column":8},"end":{"line":281,"column":69}},"57":{"start":{"line":282,"column":8},"end":{"line":282,"column":54}},"58":{"start":{"line":296,"column":8},"end":{"line":296,"column":54}},"59":{"start":{"line":298,"column":8},"end":{"line":298,"column":54}},"60":{"start":{"line":299,"column":8},"end":{"line":299,"column":63}},"61":{"start":{"line":307,"column":8},"end":{"line":307,"column":15}},"62":{"start":{"line":315,"column":8},"end":{"line":315,"column":17}},"63":{"start":{"line":328,"column":8},"end":{"line":328,"column":60}},"64":{"start":{"line":340,"column":8},"end":{"line":340,"column":77}},"65":{"start":{"line":351,"column":8},"end":{"line":351,"column":12411}},"66":{"start":{"line":352,"column":12},"end":{"line":352,"column":12479}},"67":{"start":{"line":353,"column":16},"end":{"line":353,"column":62}},"68":{"start":{"line":355,"column":8},"end":{"line":355,"column":12574}},"69":{"start":{"line":356,"column":12},"end":{"line":356,"column":112}},"70":{"start":{"line":357,"column":12},"end":{"line":357,"column":12835}},"71":{"start":{"line":358,"column":16},"end":{"line":358,"column":83}},"72":{"start":{"line":361,"column":8},"end":{"line":361,"column":32}},"73":{"start":{"line":370,"column":8},"end":{"line":370,"column":67}},"74":{"start":{"line":380,"column":8},"end":{"line":380,"column":13665}},"75":{"start":{"line":400,"column":8},"end":{"line":400,"column":89}},"76":{"start":{"line":425,"column":8},"end":{"line":425,"column":62}},"77":{"start":{"line":433,"column":8},"end":{"line":433,"column":75}},"78":{"start":{"line":441,"column":8},"end":{"line":441,"column":107}},"79":{"start":{"line":449,"column":8},"end":{"line":449,"column":72}},"80":{"start":{"line":457,"column":8},"end":{"line":457,"column":20}},"81":{"start":{"line":458,"column":8},"end":{"line":458,"column":33}},"82":{"start":{"line":462,"column":8},"end":{"line":462,"column":48}},"83":{"start":{"line":470,"column":8},"end":{"line":470,"column":70}},"84":{"start":{"line":478,"column":8},"end":{"line":478,"column":47}},"85":{"start":{"line":486,"column":8},"end":{"line":486,"column":82}},"86":{"start":{"line":494,"column":8},"end":{"line":494,"column":73}},"87":{"start":{"line":503,"column":8},"end":{"line":503,"column":77}},"88":{"start":{"line":504,"column":8},"end":{"line":504,"column":119}},"89":{"start":{"line":504,"column":53},"end":{"line":504,"column":118}},"90":{"start":{"line":513,"column":8},"end":{"line":513,"column":43}},"91":{"start":{"line":521,"column":8},"end":{"line":521,"column":93}}},"branchMap":{"1":{"line":62,"type":"if","locations":[{"start":{"line":62,"column":32},"end":{"line":62,"column":32}},{"start":{"line":62,"column":32},"end":{"line":62,"column":32}}]},"2":{"line":62,"type":"if","locations":[{"start":{"line":62,"column":42},"end":{"line":62,"column":42}},{"start":{"line":62,"column":42},"end":{"line":62,"column":42}}]},"3":{"line":62,"type":"if","locations":[{"start":{"line":62,"column":53},"end":{"line":62,"column":53}},{"start":{"line":62,"column":53},"end":{"line":62,"column":53}}]},"4":{"line":62,"type":"if","locations":[{"start":{"line":62,"column":80},"end":{"line":62,"column":80}},{"start":{"line":62,"column":80},"end":{"line":62,"column":80}}]},"5":{"line":65,"type":"if","locations":[{"start":{"line":65,"column":8},"end":{"line":65,"column":8}},{"start":{"line":65,"column":8},"end":{"line":65,"column":8}}]},"6":{"line":73,"type":"if","locations":[{"start":{"line":73,"column":58},"end":{"line":73,"column":58}},{"start":{"line":73,"column":58},"end":{"line":73,"column":58}}]},"7":{"line":75,"type":"if","locations":[{"start":{"line":75,"column":12},"end":{"line":75,"column":12}},{"start":{"line":75,"column":12},"end":{"line":75,"column":12}}]},"8":{"line":76,"type":"if","locations":[{"start":{"line":76,"column":16},"end":{"line":76,"column":16}},{"start":{"line":76,"column":16},"end":{"line":76,"column":16}}]},"9":{"line":77,"type":"if","locations":[{"start":{"line":77,"column":16},"end":{"line":77,"column":16}},{"start":{"line":77,"column":16},"end":{"line":77,"column":16}}]},"10":{"line":82,"type":"if","locations":[{"start":{"line":82,"column":16},"end":{"line":82,"column":16}},{"start":{"line":82,"column":16},"end":{"line":82,"column":16}}]},"11":{"line":84,"type":"if","locations":[{"start":{"line":84,"column":21},"end":{"line":84,"column":21}},{"start":{"line":84,"column":21},"end":{"line":84,"column":21}}]},"12":{"line":91,"type":"if","locations":[{"start":{"line":91,"column":21},"end":{"line":91,"column":21}},{"start":{"line":91,"column":21},"end":{"line":91,"column":21}}]},"13":{"line":98,"type":"if","locations":[{"start":{"line":98,"column":21},"end":{"line":98,"column":21}},{"start":{"line":98,"column":21},"end":{"line":98,"column":21}}]},"14":{"line":102,"type":"if","locations":[{"start":{"line":102,"column":8},"end":{"line":102,"column":8}},{"start":{"line":102,"column":8},"end":{"line":102,"column":8}}]},"15":{"line":124,"type":"if","locations":[{"start":{"line":124,"column":8},"end":{"line":124,"column":8}},{"start":{"line":124,"column":8},"end":{"line":124,"column":8}}]},"16":{"line":126,"type":"if","locations":[{"start":{"line":126,"column":13},"end":{"line":126,"column":13}},{"start":{"line":126,"column":13},"end":{"line":126,"column":13}}]},"17":{"line":147,"type":"if","locations":[{"start":{"line":147,"column":12},"end":{"line":147,"column":12}},{"start":{"line":147,"column":12},"end":{"line":147,"column":12}}]},"18":{"line":161,"type":"if","locations":[{"start":{"line":161,"column":53},"end":{"line":161,"column":53}},{"start":{"line":161,"column":53},"end":{"line":161,"column":53}}]},"19":{"line":163,"type":"if","locations":[{"start":{"line":163,"column":8},"end":{"line":163,"column":8}},{"start":{"line":163,"column":8},"end":{"line":163,"column":8}}]},"20":{"line":176,"type":"if","locations":[{"start":{"line":176,"column":12},"end":{"line":176,"column":12}},{"start":{"line":176,"column":12},"end":{"line":176,"column":12}}]},"21":{"line":189,"type":"if","locations":[{"start":{"line":189,"column":12},"end":{"line":189,"column":12}},{"start":{"line":189,"column":12},"end":{"line":189,"column":12}}]},"22":{"line":200,"type":"if","locations":[{"start":{"line":200,"column":12},"end":{"line":200,"column":12}},{"start":{"line":200,"column":12},"end":{"line":200,"column":12}}]},"23":{"line":214,"type":"if","locations":[{"start":{"line":214,"column":29},"end":{"line":214,"column":29}},{"start":{"line":214,"column":29},"end":{"line":214,"column":29}}]},"24":{"line":223,"type":"if","locations":[{"start":{"line":223,"column":62},"end":{"line":223,"column":62}},{"start":{"line":223,"column":62},"end":{"line":223,"column":62}}]},"25":{"line":237,"type":"if","locations":[{"start":{"line":237,"column":68},"end":{"line":237,"column":68}},{"start":{"line":237,"column":68},"end":{"line":237,"column":68}}]},"26":{"line":237,"type":"if","locations":[{"start":{"line":237,"column":78},"end":{"line":237,"column":78}},{"start":{"line":237,"column":78},"end":{"line":237,"column":78}}]},"27":{"line":250,"type":"if","locations":[{"start":{"line":250,"column":61},"end":{"line":250,"column":61}},{"start":{"line":250,"column":61},"end":{"line":250,"column":61}}]},"28":{"line":250,"type":"if","locations":[{"start":{"line":250,"column":71},"end":{"line":250,"column":71}},{"start":{"line":250,"column":71},"end":{"line":250,"column":71}}]},"29":{"line":252,"type":"if","locations":[{"start":{"line":252,"column":8},"end":{"line":252,"column":8}},{"start":{"line":252,"column":8},"end":{"line":252,"column":8}}]},"30":{"line":260,"type":"if","locations":[{"start":{"line":260,"column":64},"end":{"line":260,"column":64}},{"start":{"line":260,"column":64},"end":{"line":260,"column":64}}]},"31":{"line":260,"type":"if","locations":[{"start":{"line":260,"column":74},"end":{"line":260,"column":74}},{"start":{"line":260,"column":74},"end":{"line":260,"column":74}}]},"32":{"line":262,"type":"if","locations":[{"start":{"line":262,"column":8},"end":{"line":262,"column":8}},{"start":{"line":262,"column":8},"end":{"line":262,"column":8}}]},"33":{"line":270,"type":"if","locations":[{"start":{"line":270,"column":62},"end":{"line":270,"column":62}},{"start":{"line":270,"column":62},"end":{"line":270,"column":62}}]},"34":{"line":270,"type":"if","locations":[{"start":{"line":270,"column":72},"end":{"line":270,"column":72}},{"start":{"line":270,"column":72},"end":{"line":270,"column":72}}]},"35":{"line":272,"type":"if","locations":[{"start":{"line":272,"column":8},"end":{"line":272,"column":8}},{"start":{"line":272,"column":8},"end":{"line":272,"column":8}}]},"36":{"line":280,"type":"if","locations":[{"start":{"line":280,"column":65},"end":{"line":280,"column":65}},{"start":{"line":280,"column":65},"end":{"line":280,"column":65}}]},"37":{"line":280,"type":"if","locations":[{"start":{"line":280,"column":75},"end":{"line":280,"column":75}},{"start":{"line":280,"column":75},"end":{"line":280,"column":75}}]},"38":{"line":282,"type":"if","locations":[{"start":{"line":282,"column":8},"end":{"line":282,"column":8}},{"start":{"line":282,"column":8},"end":{"line":282,"column":8}}]},"39":{"line":292,"type":"if","locations":[{"start":{"line":292,"column":8},"end":{"line":292,"column":8}},{"start":{"line":292,"column":8},"end":{"line":292,"column":8}}]},"40":{"line":293,"type":"if","locations":[{"start":{"line":293,"column":8},"end":{"line":293,"column":8}},{"start":{"line":293,"column":8},"end":{"line":293,"column":8}}]},"41":{"line":294,"type":"if","locations":[{"start":{"line":294,"column":8},"end":{"line":294,"column":8}},{"start":{"line":294,"column":8},"end":{"line":294,"column":8}}]},"42":{"line":327,"type":"if","locations":[{"start":{"line":327,"column":77},"end":{"line":327,"column":77}},{"start":{"line":327,"column":77},"end":{"line":327,"column":77}}]},"43":{"line":327,"type":"if","locations":[{"start":{"line":327,"column":87},"end":{"line":327,"column":87}},{"start":{"line":327,"column":87},"end":{"line":327,"column":87}}]},"44":{"line":339,"type":"if","locations":[{"start":{"line":339,"column":24},"end":{"line":339,"column":24}},{"start":{"line":339,"column":24},"end":{"line":339,"column":24}}]},"45":{"line":339,"type":"if","locations":[{"start":{"line":339,"column":43},"end":{"line":339,"column":43}},{"start":{"line":339,"column":43},"end":{"line":339,"column":43}}]},"46":{"line":350,"type":"if","locations":[{"start":{"line":350,"column":64},"end":{"line":350,"column":64}},{"start":{"line":350,"column":64},"end":{"line":350,"column":64}}]},"47":{"line":352,"type":"if","locations":[{"start":{"line":352,"column":12},"end":{"line":352,"column":12}},{"start":{"line":352,"column":12},"end":{"line":352,"column":12}}]},"48":{"line":369,"type":"if","locations":[{"start":{"line":369,"column":63},"end":{"line":369,"column":63}},{"start":{"line":369,"column":63},"end":{"line":369,"column":63}}]},"49":{"line":379,"type":"if","locations":[{"start":{"line":379,"column":88},"end":{"line":379,"column":88}},{"start":{"line":379,"column":88},"end":{"line":379,"column":88}}]},"50":{"line":399,"type":"if","locations":[{"start":{"line":399,"column":22},"end":{"line":399,"column":22}},{"start":{"line":399,"column":22},"end":{"line":399,"column":22}}]},"51":{"line":425,"type":"if","locations":[{"start":{"line":425,"column":8},"end":{"line":425,"column":8}},{"start":{"line":425,"column":8},"end":{"line":425,"column":8}}]},"52":{"line":433,"type":"if","locations":[{"start":{"line":433,"column":8},"end":{"line":433,"column":8}},{"start":{"line":433,"column":8},"end":{"line":433,"column":8}}]},"53":{"line":441,"type":"if","locations":[{"start":{"line":441,"column":8},"end":{"line":441,"column":8}},{"start":{"line":441,"column":8},"end":{"line":441,"column":8}}]},"54":{"line":441,"type":"cond-expr","locations":[{"start":{"line":441,"column":16},"end":{"line":441,"column":45}},{"start":{"line":441,"column":50},"end":{"line":441,"column":68}}]},"55":{"line":449,"type":"if","locations":[{"start":{"line":449,"column":8},"end":{"line":449,"column":8}},{"start":{"line":449,"column":8},"end":{"line":449,"column":8}}]},"56":{"line":462,"type":"if","locations":[{"start":{"line":462,"column":8},"end":{"line":462,"column":8}},{"start":{"line":462,"column":8},"end":{"line":462,"column":8}}]},"57":{"line":470,"type":"if","locations":[{"start":{"line":470,"column":8},"end":{"line":470,"column":8}},{"start":{"line":470,"column":8},"end":{"line":470,"column":8}}]},"58":{"line":478,"type":"if","locations":[{"start":{"line":478,"column":8},"end":{"line":478,"column":8}},{"start":{"line":478,"column":8},"end":{"line":478,"column":8}}]},"59":{"line":486,"type":"if","locations":[{"start":{"line":486,"column":8},"end":{"line":486,"column":8}},{"start":{"line":486,"column":8},"end":{"line":486,"column":8}}]},"60":{"line":494,"type":"if","locations":[{"start":{"line":494,"column":8},"end":{"line":494,"column":8}},{"start":{"line":494,"column":8},"end":{"line":494,"column":8}}]},"61":{"line":503,"type":"if","locations":[{"start":{"line":503,"column":8},"end":{"line":503,"column":8}},{"start":{"line":503,"column":8},"end":{"line":503,"column":8}}]},"62":{"line":504,"type":"if","locations":[{"start":{"line":504,"column":53},"end":{"line":504,"column":53}},{"start":{"line":504,"column":53},"end":{"line":504,"column":53}}]},"63":{"line":521,"type":"if","locations":[{"start":{"line":521,"column":8},"end":{"line":521,"column":8}},{"start":{"line":521,"column":8},"end":{"line":521,"column":8}}]}}},"contracts/abstracts/Factory.sol":{"l":{"84":4,"85":4,"86":4,"98":0,"111":1,"112":1,"121":2,"122":2,"124":2,"125":3,"126":3,"127":2,"137":4,"138":4,"139":8,"140":8,"150":1,"152":1,"153":2,"154":2,"162":1,"169":0,"182":1,"190":0,"201":0,"208":0,"219":21,"220":14,"227":11,"228":11,"235":25,"236":25},"path":"/Users/guillaumedieudonne/Documents/Code/Perso/BlockChains/SideProjects/LetsFuckingGame/lets-fucking-game-v2/packages/hardhat/contracts/abstracts/Factory.sol","s":{"1":4,"2":0,"3":1,"4":2,"5":2,"6":3,"7":3,"8":2,"9":4,"10":4,"11":8,"12":8,"13":1,"14":1,"15":2,"16":2,"17":1,"18":0,"19":1,"20":0,"21":0,"22":21,"23":11,"24":25},"b":{"1":[1,1],"2":[2,1],"3":[2,0],"4":[5,1],"5":[4,1],"6":[2,1],"7":[1,1],"8":[1,0],"9":[1,0],"10":[0,0],"11":[0,0],"12":[1,1],"13":[1,0],"14":[0,1],"15":[14,7],"16":[11,0],"17":[25,0],"18":[3,22]},"f":{"1":4,"2":0,"3":1,"4":2,"5":4,"6":1,"7":1,"8":0,"9":1,"10":0,"11":0,"12":21,"13":11,"14":25},"fnMap":{"1":{"name":"constructor","line":83,"loc":{"start":{"line":79,"column":4},"end":{"line":87,"column":4}}},"2":{"name":"getDeployedChildsVersions","line":97,"loc":{"start":{"line":97,"column":4},"end":{"line":99,"column":4}}},"3":{"name":"setNewVersion","line":110,"loc":{"start":{"line":110,"column":4},"end":{"line":113,"column":4}}},"4":{"name":"updateCronUpkeep","line":120,"loc":{"start":{"line":120,"column":4},"end":{"line":129,"column":4}}},"5":{"name":"pauseAll","line":135,"loc":{"start":{"line":135,"column":4},"end":{"line":142,"column":4}}},"6":{"name":"resumeAll","line":148,"loc":{"start":{"line":148,"column":4},"end":{"line":156,"column":4}}},"7":{"name":"pause","line":161,"loc":{"start":{"line":161,"column":4},"end":{"line":163,"column":4}}},"8":{"name":"unpause","line":168,"loc":{"start":{"line":168,"column":4},"end":{"line":170,"column":4}}},"9":{"name":"transferAdminOwnership","line":181,"loc":{"start":{"line":181,"column":4},"end":{"line":183,"column":4}}},"10":{"name":"withdrawFunds","line":189,"loc":{"start":{"line":189,"column":4},"end":{"line":191,"column":4}}},"11":{"name":null,"line":207,"loc":{"start":{"line":207,"column":4},"end":{"line":209,"column":4}}},"12":{"name":"onlyAdmin","line":218,"loc":{"start":{"line":218,"column":4},"end":{"line":221,"column":4}}},"13":{"name":"onlyAddressInit","line":226,"loc":{"start":{"line":226,"column":4},"end":{"line":229,"column":4}}},"14":{"name":"onlyItemCreationAmount","line":234,"loc":{"start":{"line":234,"column":4},"end":{"line":237,"column":4}}}},"statementMap":{"1":{"start":{"line":86,"column":8},"end":{"line":86,"column":78}},"2":{"start":{"line":98,"column":8},"end":{"line":98,"column":23}},"3":{"start":{"line":112,"column":8},"end":{"line":112,"column":78}},"4":{"start":{"line":122,"column":8},"end":{"line":122,"column":42}},"5":{"start":{"line":124,"column":8},"end":{"line":124,"column":3565}},"6":{"start":{"line":125,"column":12},"end":{"line":125,"column":39}},"7":{"start":{"line":126,"column":12},"end":{"line":126,"column":69}},"8":{"start":{"line":127,"column":12},"end":{"line":127,"column":75}},"9":{"start":{"line":137,"column":8},"end":{"line":137,"column":15}},"10":{"start":{"line":138,"column":8},"end":{"line":138,"column":4092}},"11":{"start":{"line":139,"column":12},"end":{"line":139,"column":39}},"12":{"start":{"line":140,"column":12},"end":{"line":140,"column":56}},"13":{"start":{"line":150,"column":8},"end":{"line":150,"column":17}},"14":{"start":{"line":152,"column":8},"end":{"line":152,"column":4519}},"15":{"start":{"line":153,"column":12},"end":{"line":153,"column":39}},"16":{"start":{"line":154,"column":12},"end":{"line":154,"column":58}},"17":{"start":{"line":162,"column":8},"end":{"line":162,"column":15}},"18":{"start":{"line":169,"column":8},"end":{"line":169,"column":17}},"19":{"start":{"line":182,"column":8},"end":{"line":182,"column":39}},"20":{"start":{"line":190,"column":8},"end":{"line":190,"column":65}},"21":{"start":{"line":208,"column":8},"end":{"line":208,"column":44}},"22":{"start":{"line":219,"column":8},"end":{"line":219,"column":64}},"23":{"start":{"line":227,"column":8},"end":{"line":227,"column":72}},"24":{"start":{"line":235,"column":8},"end":{"line":235,"column":112}}},"branchMap":{"1":{"line":110,"type":"if","locations":[{"start":{"line":110,"column":51},"end":{"line":110,"column":51}},{"start":{"line":110,"column":51},"end":{"line":110,"column":51}}]},"2":{"line":120,"type":"if","locations":[{"start":{"line":120,"column":60},"end":{"line":120,"column":60}},{"start":{"line":120,"column":60},"end":{"line":120,"column":60}}]},"3":{"line":120,"type":"if","locations":[{"start":{"line":120,"column":70},"end":{"line":120,"column":70}},{"start":{"line":120,"column":70},"end":{"line":120,"column":70}}]},"4":{"line":135,"type":"if","locations":[{"start":{"line":135,"column":33},"end":{"line":135,"column":33}},{"start":{"line":135,"column":33},"end":{"line":135,"column":33}}]},"5":{"line":135,"type":"if","locations":[{"start":{"line":135,"column":43},"end":{"line":135,"column":43}},{"start":{"line":135,"column":43},"end":{"line":135,"column":43}}]},"6":{"line":148,"type":"if","locations":[{"start":{"line":148,"column":34},"end":{"line":148,"column":34}},{"start":{"line":148,"column":34},"end":{"line":148,"column":34}}]},"7":{"line":148,"type":"if","locations":[{"start":{"line":148,"column":44},"end":{"line":148,"column":44}},{"start":{"line":148,"column":44},"end":{"line":148,"column":44}}]},"8":{"line":161,"type":"if","locations":[{"start":{"line":161,"column":30},"end":{"line":161,"column":30}},{"start":{"line":161,"column":30},"end":{"line":161,"column":30}}]},"9":{"line":161,"type":"if","locations":[{"start":{"line":161,"column":40},"end":{"line":161,"column":40}},{"start":{"line":161,"column":40},"end":{"line":161,"column":40}}]},"10":{"line":168,"type":"if","locations":[{"start":{"line":168,"column":32},"end":{"line":168,"column":32}},{"start":{"line":168,"column":32},"end":{"line":168,"column":32}}]},"11":{"line":168,"type":"if","locations":[{"start":{"line":168,"column":42},"end":{"line":168,"column":42}},{"start":{"line":168,"column":42},"end":{"line":168,"column":42}}]},"12":{"line":181,"type":"if","locations":[{"start":{"line":181,"column":68},"end":{"line":181,"column":68}},{"start":{"line":181,"column":68},"end":{"line":181,"column":68}}]},"13":{"line":181,"type":"if","locations":[{"start":{"line":181,"column":78},"end":{"line":181,"column":78}},{"start":{"line":181,"column":78},"end":{"line":181,"column":78}}]},"14":{"line":189,"type":"if","locations":[{"start":{"line":189,"column":38},"end":{"line":189,"column":38}},{"start":{"line":189,"column":38},"end":{"line":189,"column":38}}]},"15":{"line":219,"type":"if","locations":[{"start":{"line":219,"column":8},"end":{"line":219,"column":8}},{"start":{"line":219,"column":8},"end":{"line":219,"column":8}}]},"16":{"line":227,"type":"if","locations":[{"start":{"line":227,"column":8},"end":{"line":227,"column":8}},{"start":{"line":227,"column":8},"end":{"line":227,"column":8}}]},"17":{"line":235,"type":"if","locations":[{"start":{"line":235,"column":8},"end":{"line":235,"column":8}},{"start":{"line":235,"column":8},"end":{"line":235,"column":8}}]},"18":{"line":235,"type":"cond-expr","locations":[{"start":{"line":235,"column":16},"end":{"line":235,"column":36}},{"start":{"line":235,"column":41},"end":{"line":235,"column":71}}]}}},"contracts/games/GameFactoryV1.sol":{"l":{"56":3,"57":36,"58":36,"59":36,"98":24,"99":24,"101":24,"102":24,"112":24,"114":24,"115":24,"118":24,"119":24,"120":24,"121":24,"122":24,"123":24,"124":24,"125":24,"126":24,"127":24,"128":24,"129":24,"130":24,"131":24,"132":24,"134":24,"135":24,"137":16,"138":16,"140":16,"141":16,"143":16,"156":51,"157":313,"158":38,"170":8,"178":5,"189":0,"202":2,"203":15,"204":2,"205":2,"222":25,"226":25,"234":25,"238":24,"246":4,"247":3},"path":"/Users/guillaumedieudonne/Documents/Code/Perso/BlockChains/SideProjects/LetsFuckingGame/lets-fucking-game-v2/packages/hardhat/contracts/games/GameFactoryV1.sol","s":{"1":3,"2":36,"3":36,"4":24,"5":24,"6":24,"7":24,"8":24,"9":24,"10":24,"11":24,"12":24,"13":16,"14":16,"15":16,"16":16,"17":16,"18":51,"19":313,"20":13,"21":38,"22":8,"23":5,"24":0,"25":2,"26":15,"27":2,"28":25,"29":25,"30":4},"b":{"1":[36,0],"2":[25,2],"3":[25,0],"4":[25,0],"5":[24,1],"6":[13,300],"7":[2,1],"8":[2,13],"9":[25,0],"10":[24,1],"11":[6,18],"12":[3,1]},"f":{"1":3,"2":24,"3":51,"4":8,"5":5,"6":0,"7":2,"8":25,"9":25,"10":4},"fnMap":{"1":{"name":"constructor","line":55,"loc":{"start":{"line":50,"column":4},"end":{"line":65,"column":4}}},"2":{"name":"createNewGame","line":95,"loc":{"start":{"line":80,"column":4},"end":{"line":144,"column":4}}},"3":{"name":"_isExistAuthorizedAmounts","line":155,"loc":{"start":{"line":155,"column":4},"end":{"line":159,"column":4}}},"4":{"name":"getDeployedGames","line":169,"loc":{"start":{"line":169,"column":4},"end":{"line":171,"column":4}}},"5":{"name":"getAuthorizedAmounts","line":177,"loc":{"start":{"line":177,"column":4},"end":{"line":179,"column":4}}},"6":{"name":"getAuthorizedAmount","line":186,"loc":{"start":{"line":186,"column":4},"end":{"line":190,"column":4}}},"7":{"name":"addAuthorizedAmounts","line":201,"loc":{"start":{"line":201,"column":4},"end":{"line":211,"column":4}}},"8":{"name":"onlyAllowedRegistrationAmount","line":221,"loc":{"start":{"line":221,"column":4},"end":{"line":227,"column":4}}},"9":{"name":"onlyIfNotUsedRegistrationAmounts","line":233,"loc":{"start":{"line":233,"column":4},"end":{"line":239,"column":4}}},"10":{"name":"onlyIfAuthorizedAmountsIsNotEmpty","line":245,"loc":{"start":{"line":245,"column":4},"end":{"line":248,"column":4}}}},"statementMap":{"1":{"start":{"line":56,"column":8},"end":{"line":56,"column":1745}},"2":{"start":{"line":57,"column":12},"end":{"line":57,"column":1819}},"3":{"start":{"line":58,"column":16},"end":{"line":58,"column":60}},"4":{"start":{"line":98,"column":8},"end":{"line":98,"column":79}},"5":{"start":{"line":99,"column":8},"end":{"line":99,"column":83}},"6":{"start":{"line":102,"column":8},"end":{"line":102,"column":3337}},"7":{"start":{"line":112,"column":8},"end":{"line":112,"column":59}},"8":{"start":{"line":114,"column":8},"end":{"line":114,"column":105}},"9":{"start":{"line":115,"column":8},"end":{"line":115,"column":51}},"10":{"start":{"line":118,"column":8},"end":{"line":118,"column":50}},"11":{"start":{"line":134,"column":8},"end":{"line":134,"column":58}},"12":{"start":{"line":135,"column":8},"end":{"line":135,"column":75}},"13":{"start":{"line":137,"column":8},"end":{"line":137,"column":59}},"14":{"start":{"line":138,"column":8},"end":{"line":138,"column":56}},"15":{"start":{"line":140,"column":8},"end":{"line":140,"column":83}},"16":{"start":{"line":141,"column":8},"end":{"line":141,"column":21}},"17":{"start":{"line":143,"column":8},"end":{"line":143,"column":29}},"18":{"start":{"line":156,"column":8},"end":{"line":156,"column":5447}},"19":{"start":{"line":157,"column":12},"end":{"line":157,"column":70}},"20":{"start":{"line":157,"column":59},"end":{"line":157,"column":70}},"21":{"start":{"line":158,"column":8},"end":{"line":158,"column":20}},"22":{"start":{"line":170,"column":8},"end":{"line":170,"column":20}},"23":{"start":{"line":178,"column":8},"end":{"line":178,"column":32}},"24":{"start":{"line":189,"column":8},"end":{"line":189,"column":55}},"25":{"start":{"line":202,"column":8},"end":{"line":202,"column":6769}},"26":{"start":{"line":203,"column":12},"end":{"line":203,"column":6843}},"27":{"start":{"line":204,"column":16},"end":{"line":204,"column":60}},"28":{"start":{"line":222,"column":8},"end":{"line":222,"column":7491}},"29":{"start":{"line":234,"column":8},"end":{"line":234,"column":7916}},"30":{"start":{"line":246,"column":8},"end":{"line":246,"column":100}}},"branchMap":{"1":{"line":57,"type":"if","locations":[{"start":{"line":57,"column":12},"end":{"line":57,"column":12}},{"start":{"line":57,"column":12},"end":{"line":57,"column":12}}]},"2":{"line":92,"type":"if","locations":[{"start":{"line":92,"column":8},"end":{"line":92,"column":8}},{"start":{"line":92,"column":8},"end":{"line":92,"column":8}}]},"3":{"line":93,"type":"if","locations":[{"start":{"line":93,"column":8},"end":{"line":93,"column":8}},{"start":{"line":93,"column":8},"end":{"line":93,"column":8}}]},"4":{"line":94,"type":"if","locations":[{"start":{"line":94,"column":8},"end":{"line":94,"column":8}},{"start":{"line":94,"column":8},"end":{"line":94,"column":8}}]},"5":{"line":95,"type":"if","locations":[{"start":{"line":95,"column":8},"end":{"line":95,"column":8}},{"start":{"line":95,"column":8},"end":{"line":95,"column":8}}]},"6":{"line":157,"type":"if","locations":[{"start":{"line":157,"column":12},"end":{"line":157,"column":12}},{"start":{"line":157,"column":12},"end":{"line":157,"column":12}}]},"7":{"line":201,"type":"if","locations":[{"start":{"line":201,"column":80},"end":{"line":201,"column":80}},{"start":{"line":201,"column":80},"end":{"line":201,"column":80}}]},"8":{"line":203,"type":"if","locations":[{"start":{"line":203,"column":12},"end":{"line":203,"column":12}},{"start":{"line":203,"column":12},"end":{"line":203,"column":12}}]},"9":{"line":222,"type":"if","locations":[{"start":{"line":222,"column":8},"end":{"line":222,"column":8}},{"start":{"line":222,"column":8},"end":{"line":222,"column":8}}]},"10":{"line":234,"type":"if","locations":[{"start":{"line":234,"column":8},"end":{"line":234,"column":8}},{"start":{"line":234,"column":8},"end":{"line":234,"column":8}}]},"11":{"line":235,"type":"cond-expr","locations":[{"start":{"line":235,"column":12},"end":{"line":235,"column":35}},{"start":{"line":235,"column":40},"end":{"line":235,"column":89}}]},"12":{"line":246,"type":"if","locations":[{"start":{"line":246,"column":8},"end":{"line":246,"column":8}},{"start":{"line":246,"column":8},"end":{"line":246,"column":8}}]}}},"contracts/games/GameV1.sol":{"l":{"59":3,"95":19,"96":19,"97":19,"98":19,"100":19,"102":19,"104":19,"105":19,"106":19,"108":19,"109":19,"111":19,"112":19,"114":19,"115":19,"118":19,"119":18,"124":16,"127":16,"135":0,"158":451,"168":451,"170":451,"190":75,"193":75,"194":17,"196":58,"197":58,"198":58,"208":85,"209":40,"210":40,"212":85,"229":10,"230":10,"241":40,"242":40,"243":40,"250":20,"251":20,"253":20,"255":20,"256":20,"259":20,"261":19,"263":19,"271":18,"272":18,"273":23,"274":23,"277":18,"278":13,"279":13,"288":40,"289":40,"291":40,"293":20,"295":20,"297":13,"298":130,"299":130,"304":130,"310":20,"312":3,"313":3,"314":3,"315":3,"316":30,"317":30,"318":6,"320":3,"323":20,"325":4,"326":4,"327":4,"329":20,"337":40,"339":37,"340":370,"342":370,"345":170,"346":170,"359":23,"360":23,"361":23,"363":23,"367":23,"380":23,"381":23,"382":23,"390":19,"392":6,"393":6,"395":6,"403":78,"413":570,"414":570,"415":570,"417":570,"425":570,"426":570,"427":570,"435":217,"436":217,"437":217,"439":217,"447":81,"448":81,"449":81,"450":810,"452":81,"460":357,"461":357,"462":3540,"464":357,"473":22,"474":22,"482":2,"485":2,"486":0,"487":0,"488":0,"489":0,"492":2,"515":0,"549":0,"550":0,"551":0,"552":0,"553":0,"554":0,"555":0,"556":0,"567":7,"576":0,"584":2,"592":1,"600":1,"608":0,"616":0,"624":9,"637":1,"646":0,"664":1,"676":1,"687":4,"688":3,"697":2,"711":2,"712":2,"713":2,"714":2,"722":21,"737":2,"750":1,"751":1,"776":8,"777":5,"784":527,"785":526,"792":10,"793":7,"800":23,"804":23,"811":87,"815":86,"822":0,"823":0,"830":2,"831":2,"832":2,"839":456,"840":455,"847":79,"848":78,"855":455,"856":454,"863":90,"864":88,"871":88,"872":86,"879":76,"880":75,"887":10,"888":10,"892":10,"899":87,"900":87,"907":459,"908":459,"915":454,"916":452,"923":0,"924":0,"928":0,"935":26,"936":25,"943":25,"944":24,"951":27,"952":25,"953":23,"960":22,"961":21,"962":20,"969":22,"970":21,"977":0,"978":0,"985":0,"986":0,"993":10,"994":10},"path":"/Users/guillaumedieudonne/Documents/Code/Perso/BlockChains/SideProjects/LetsFuckingGame/lets-fucking-game-v2/packages/hardhat/contracts/games/GameV1.sol","s":{"1":19,"2":18,"3":16,"4":16,"5":0,"6":451,"7":451,"8":75,"9":75,"10":17,"11":58,"12":85,"13":40,"14":40,"15":45,"16":40,"17":85,"18":10,"19":40,"20":400,"21":40,"22":20,"23":20,"24":20,"25":20,"26":1,"27":19,"28":19,"29":19,"30":18,"31":18,"32":23,"33":18,"34":13,"35":13,"36":40,"37":40,"38":40,"39":20,"40":20,"41":20,"42":13,"43":130,"44":130,"45":130,"46":13,"47":117,"48":0,"49":20,"50":3,"51":3,"52":3,"53":3,"54":30,"55":30,"56":6,"57":3,"58":20,"59":4,"60":4,"61":4,"62":20,"63":40,"64":3,"65":37,"66":370,"67":370,"68":200,"69":170,"70":23,"71":23,"72":23,"73":23,"74":23,"75":23,"76":19,"77":13,"78":6,"79":6,"80":6,"81":78,"82":570,"83":570,"84":570,"85":570,"86":217,"87":81,"88":81,"89":81,"90":810,"91":81,"92":357,"93":357,"94":3540,"95":357,"96":22,"97":22,"98":2,"99":2,"100":0,"101":0,"102":0,"103":2,"104":0,"105":0,"106":0,"107":0,"108":0,"109":0,"110":0,"111":0,"112":0,"113":7,"114":0,"115":2,"116":1,"117":1,"118":0,"119":0,"120":9,"121":4,"122":3,"123":2,"124":2,"125":2,"126":2,"127":21,"128":2,"129":1,"130":8,"131":527,"132":10,"133":23,"134":87,"135":0,"136":2,"137":2,"138":456,"139":79,"140":455,"141":90,"142":88,"143":76,"144":10,"145":10,"146":87,"147":459,"148":454,"149":0,"150":0,"151":26,"152":25,"153":27,"154":25,"155":22,"156":21,"157":22,"158":0,"159":0,"160":10},"b":{"1":[25,1],"2":[24,1],"3":[22,2],"4":[20,2],"5":[20,0],"6":[20,0],"7":[19,1],"8":[16,0],"9":[11,5],"10":[16,0],"11":[0,0],"12":[0,0],"13":[0,0],"14":[457,0],"15":[456,1],"16":[456,0],"17":[455,1],"18":[454,1],"19":[452,2],"20":[451,1],"21":[80,0],"22":[79,1],"23":[78,1],"24":[77,1],"25":[76,1],"26":[75,1],"27":[75,0],"28":[75,0],"29":[17,58],"30":[1,16],"31":[86,1],"32":[85,1],"33":[40,45],"34":[40,5],"35":[12,0],"36":[11,1],"37":[10,1],"38":[10,0],"39":[10,0],"40":[1,19],"41":[13,5],"42":[11,2],"43":[20,20],"44":[13,7],"45":[13,117],"46":[0,117],"47":[3,17],"48":[6,24],"49":[4,16],"50":[0,4],"51":[3,37],"52":[200,170],"53":[13,6],"54":[5,1],"55":[14,796],"56":[1753,1787],"57":[22,0],"58":[2,0],"59":[0,0],"60":[0,0],"61":[0,0],"62":[0,0],"63":[0,0],"64":[0,0],"65":[0,0],"66":[0,0],"67":[0,0],"68":[0,0],"69":[1,1],"70":[0,0],"71":[0,0],"72":[4,0],"73":[3,1],"74":[1,2],"75":[1,0],"76":[2,1],"77":[2,0],"78":[1,1],"79":[5,0],"80":[4,1],"81":[4,0],"82":[3,0],"83":[2,1],"84":[3,1],"85":[2,1],"86":[2,0],"87":[21,0],"88":[21,0],"89":[2,0],"90":[2,0],"91":[2,0],"92":[2,0],"93":[1,1],"94":[1,0],"95":[5,3],"96":[526,1],"97":[7,3],"98":[7,0],"99":[23,0],"100":[13,0],"101":[0,10],"102":[86,1],"103":[7,79],"104":[0,0],"105":[2,0],"106":[2,0],"107":[455,1],"108":[78,1],"109":[454,1],"110":[88,2],"111":[86,2],"112":[75,1],"113":[10,0],"114":[87,0],"115":[459,0],"116":[452,2],"117":[0,0],"118":[25,1],"119":[24,1],"120":[25,2],"121":[23,2],"122":[21,1],"123":[20,1],"124":[21,1],"125":[0,0],"126":[0,0],"127":[10,0]},"f":{"1":3,"2":19,"3":0,"4":451,"5":75,"6":85,"7":10,"8":40,"9":20,"10":18,"11":40,"12":40,"13":23,"14":19,"15":78,"16":570,"17":570,"18":217,"19":81,"20":357,"21":22,"22":2,"23":0,"24":0,"25":7,"26":0,"27":2,"28":1,"29":1,"30":0,"31":0,"32":9,"33":1,"34":0,"35":1,"36":1,"37":4,"38":2,"39":2,"40":21,"41":2,"42":1,"43":8,"44":527,"45":10,"46":23,"47":87,"48":0,"49":2,"50":456,"51":79,"52":455,"53":90,"54":88,"55":76,"56":10,"57":87,"58":459,"59":454,"60":0,"61":26,"62":25,"63":27,"64":22,"65":22,"66":0,"67":0,"68":10},"fnMap":{"1":{"name":"constructor","line":58,"loc":{"start":{"line":55,"column":4},"end":{"line":60,"column":4}}},"2":{"name":"initialize","line":93,"loc":{"start":{"line":81,"column":4},"end":{"line":128,"column":4}}},"3":{"name":"startGame","line":134,"loc":{"start":{"line":134,"column":4},"end":{"line":136,"column":4}}},"4":{"name":"registerForGame","line":156,"loc":{"start":{"line":146,"column":4},"end":{"line":171,"column":4}}},"5":{"name":"playRound","line":188,"loc":{"start":{"line":178,"column":4},"end":{"line":200,"column":4}}},"6":{"name":"triggerDailyCheckpoint","line":207,"loc":{"start":{"line":207,"column":4},"end":{"line":213,"column":4}}},"7":{"name":"voteToSplitPot","line":227,"loc":{"start":{"line":220,"column":4},"end":{"line":231,"column":4}}},"8":{"name":"_startGame","line":240,"loc":{"start":{"line":240,"column":4},"end":{"line":244,"column":4}}},"9":{"name":"_resetGame","line":249,"loc":{"start":{"line":249,"column":4},"end":{"line":264,"column":4}}},"10":{"name":"_addPrizes","line":270,"loc":{"start":{"line":270,"column":4},"end":{"line":281,"column":4}}},"11":{"name":"_checkIfGameEnded","line":287,"loc":{"start":{"line":287,"column":4},"end":{"line":330,"column":4}}},"12":{"name":"_refreshPlayerStatus","line":335,"loc":{"start":{"line":335,"column":4},"end":{"line":349,"column":4}}},"13":{"name":"_addWinner","line":358,"loc":{"start":{"line":358,"column":4},"end":{"line":383,"column":4}}},"14":{"name":"_checkIfPrizeAmountIfNeeded","line":389,"loc":{"start":{"line":389,"column":4},"end":{"line":396,"column":4}}},"15":{"name":"_isGamePayable","line":402,"loc":{"start":{"line":402,"column":4},"end":{"line":404,"column":4}}},"16":{"name":"_randMod","line":411,"loc":{"start":{"line":411,"column":4},"end":{"line":418,"column":4}}},"17":{"name":"_resetRoundRange","line":424,"loc":{"start":{"line":424,"column":4},"end":{"line":428,"column":4}}},"18":{"name":"_setPlayerAsHavingLost","line":434,"loc":{"start":{"line":434,"column":4},"end":{"line":440,"column":4}}},"19":{"name":"_isAllPlayersSplitOk","line":446,"loc":{"start":{"line":446,"column":4},"end":{"line":453,"column":4}}},"20":{"name":"_getRemainingPlayersCount","line":459,"loc":{"start":{"line":459,"column":4},"end":{"line":465,"column":4}}},"21":{"name":"_pauseGame","line":472,"loc":{"start":{"line":472,"column":4},"end":{"line":475,"column":4}}},"22":{"name":"_unpauseGame","line":481,"loc":{"start":{"line":481,"column":4},"end":{"line":493,"column":4}}},"23":{"name":"getGameData","line":514,"loc":{"start":{"line":514,"column":4},"end":{"line":534,"column":4}}},"24":{"name":"setGameData","line":548,"loc":{"start":{"line":548,"column":4},"end":{"line":560,"column":4}}},"25":{"name":"getPlayerAddresses","line":566,"loc":{"start":{"line":566,"column":4},"end":{"line":568,"column":4}}},"26":{"name":"getPlayer","line":575,"loc":{"start":{"line":575,"column":4},"end":{"line":577,"column":4}}},"27":{"name":"getCronUpkeep","line":583,"loc":{"start":{"line":583,"column":4},"end":{"line":585,"column":4}}},"28":{"name":"getEncodedCron","line":591,"loc":{"start":{"line":591,"column":4},"end":{"line":593,"column":4}}},"29":{"name":"isAllPlayersSplitOk","line":599,"loc":{"start":{"line":599,"column":4},"end":{"line":601,"column":4}}},"30":{"name":"isGamePayable","line":607,"loc":{"start":{"line":607,"column":4},"end":{"line":609,"column":4}}},"31":{"name":"isGameAllPrizesStandard","line":615,"loc":{"start":{"line":615,"column":4},"end":{"line":617,"column":4}}},"32":{"name":"getRemainingPlayersCount","line":623,"loc":{"start":{"line":623,"column":4},"end":{"line":625,"column":4}}},"33":{"name":"setName","line":636,"loc":{"start":{"line":636,"column":4},"end":{"line":638,"column":4}}},"34":{"name":"setPlayTimeRange","line":645,"loc":{"start":{"line":645,"column":4},"end":{"line":647,"column":4}}},"35":{"name":"setMaxPlayers","line":662,"loc":{"start":{"line":654,"column":4},"end":{"line":665,"column":4}}},"36":{"name":"setCreatorFee","line":675,"loc":{"start":{"line":673,"column":4},"end":{"line":677,"column":4}}},"37":{"name":"setCronUpkeep","line":686,"loc":{"start":{"line":684,"column":4},"end":{"line":689,"column":4}}},"38":{"name":"setEncodedCron","line":696,"loc":{"start":{"line":696,"column":4},"end":{"line":698,"column":4}}},"39":{"name":"claimCreatorFee","line":709,"loc":{"start":{"line":704,"column":4},"end":{"line":715,"column":4}}},"40":{"name":"pause","line":721,"loc":{"start":{"line":721,"column":4},"end":{"line":723,"column":4}}},"41":{"name":"unpause","line":735,"loc":{"start":{"line":729,"column":4},"end":{"line":738,"column":4}}},"42":{"name":"transferCreatorOwnership","line":749,"loc":{"start":{"line":749,"column":4},"end":{"line":752,"column":4}}},"43":{"name":"onlyCreator","line":775,"loc":{"start":{"line":775,"column":4},"end":{"line":778,"column":4}}},"44":{"name":"onlyNotCreator","line":783,"loc":{"start":{"line":783,"column":4},"end":{"line":786,"column":4}}},"45":{"name":"onlyAdminOrCreator","line":791,"loc":{"start":{"line":791,"column":4},"end":{"line":794,"column":4}}},"46":{"name":"onlyAdminOrCreatorOrFactory","line":799,"loc":{"start":{"line":799,"column":4},"end":{"line":805,"column":4}}},"47":{"name":"onlyAdminOrKeeper","line":810,"loc":{"start":{"line":810,"column":4},"end":{"line":816,"column":4}}},"48":{"name":"onlyKeeper","line":821,"loc":{"start":{"line":821,"column":4},"end":{"line":824,"column":4}}},"49":{"name":"onlyIfKeeperDataInit","line":829,"loc":{"start":{"line":829,"column":4},"end":{"line":833,"column":4}}},"50":{"name":"onlyIfNotFull","line":838,"loc":{"start":{"line":838,"column":4},"end":{"line":841,"column":4}}},"51":{"name":"onlyIfFull","line":846,"loc":{"start":{"line":846,"column":4},"end":{"line":849,"column":4}}},"52":{"name":"onlyIfNotAlreadyEntered","line":854,"loc":{"start":{"line":854,"column":4},"end":{"line":857,"column":4}}},"53":{"name":"onlyIfAlreadyEntered","line":862,"loc":{"start":{"line":862,"column":4},"end":{"line":865,"column":4}}},"54":{"name":"onlyIfHasNotLost","line":870,"loc":{"start":{"line":870,"column":4},"end":{"line":873,"column":4}}},"55":{"name":"onlyIfHasNotPlayedThisRound","line":878,"loc":{"start":{"line":878,"column":4},"end":{"line":881,"column":4}}},"56":{"name":"onlyIfPlayersLowerHalfRemaining","line":886,"loc":{"start":{"line":886,"column":4},"end":{"line":893,"column":4}}},"57":{"name":"onlyIfGameIsInProgress","line":898,"loc":{"start":{"line":898,"column":4},"end":{"line":901,"column":4}}},"58":{"name":"onlyIfGameIsNotInProgress","line":906,"loc":{"start":{"line":906,"column":4},"end":{"line":909,"column":4}}},"59":{"name":"onlyRegistrationAmount","line":914,"loc":{"start":{"line":914,"column":4},"end":{"line":917,"column":4}}},"60":{"name":"onlyIfPlayerWon","line":922,"loc":{"start":{"line":922,"column":4},"end":{"line":929,"column":4}}},"61":{"name":"onlyIfNotBase","line":934,"loc":{"start":{"line":934,"column":4},"end":{"line":937,"column":4}}},"62":{"name":"onlyIfNotAlreadyInitialized","line":942,"loc":{"start":{"line":942,"column":4},"end":{"line":945,"column":4}}},"63":{"name":"onlyAllowedNumberOfPlayers","line":950,"loc":{"start":{"line":950,"column":4},"end":{"line":954,"column":4}}},"64":{"name":"onlyAllowedPlayTimeRange","line":959,"loc":{"start":{"line":959,"column":4},"end":{"line":963,"column":4}}},"65":{"name":"onlyCreatorFee","line":968,"loc":{"start":{"line":968,"column":4},"end":{"line":971,"column":4}}},"66":{"name":"onlyIfGameIsPayable","line":976,"loc":{"start":{"line":976,"column":4},"end":{"line":979,"column":4}}},"67":{"name":"onlyIfGameIsNotPayable","line":984,"loc":{"start":{"line":984,"column":4},"end":{"line":987,"column":4}}},"68":{"name":"onlyIfGameIsSplittable","line":992,"loc":{"start":{"line":992,"column":4},"end":{"line":995,"column":4}}}},"statementMap":{"1":{"start":{"line":118,"column":8},"end":{"line":118,"column":58}},"2":{"start":{"line":119,"column":8},"end":{"line":119,"column":41}},"3":{"start":{"line":124,"column":8},"end":{"line":124,"column":113}},"4":{"start":{"line":127,"column":8},"end":{"line":127,"column":85}},"5":{"start":{"line":135,"column":8},"end":{"line":135,"column":19}},"6":{"start":{"line":168,"column":8},"end":{"line":168,"column":39}},"7":{"start":{"line":170,"column":8},"end":{"line":170,"column":89}},"8":{"start":{"line":190,"column":8},"end":{"line":190,"column":51}},"9":{"start":{"line":193,"column":8},"end":{"line":193,"column":6386}},"10":{"start":{"line":194,"column":12},"end":{"line":194,"column":41}},"11":{"start":{"line":198,"column":12},"end":{"line":198,"column":50}},"12":{"start":{"line":208,"column":8},"end":{"line":208,"column":7080}},"13":{"start":{"line":209,"column":12},"end":{"line":209,"column":33}},"14":{"start":{"line":210,"column":12},"end":{"line":210,"column":30}},"15":{"start":{"line":211,"column":15},"end":{"line":211,"column":69}},"16":{"start":{"line":211,"column":57},"end":{"line":211,"column":68}},"17":{"start":{"line":212,"column":8},"end":{"line":212,"column":83}},"18":{"start":{"line":230,"column":8},"end":{"line":230,"column":79}},"19":{"start":{"line":241,"column":8},"end":{"line":241,"column":106}},"20":{"start":{"line":241,"column":61},"end":{"line":241,"column":105}},"21":{"start":{"line":243,"column":8},"end":{"line":243,"column":65}},"22":{"start":{"line":251,"column":8},"end":{"line":251,"column":95}},"23":{"start":{"line":255,"column":8},"end":{"line":255,"column":56}},"24":{"start":{"line":256,"column":8},"end":{"line":256,"column":24}},"25":{"start":{"line":259,"column":8},"end":{"line":259,"column":50}},"26":{"start":{"line":259,"column":31},"end":{"line":259,"column":50}},"27":{"start":{"line":261,"column":8},"end":{"line":261,"column":62}},"28":{"start":{"line":263,"column":8},"end":{"line":263,"column":76}},"29":{"start":{"line":263,"column":54},"end":{"line":263,"column":75}},"30":{"start":{"line":271,"column":8},"end":{"line":271,"column":29}},"31":{"start":{"line":272,"column":8},"end":{"line":272,"column":9059}},"32":{"start":{"line":273,"column":12},"end":{"line":273,"column":32}},"33":{"start":{"line":277,"column":8},"end":{"line":277,"column":9204}},"34":{"start":{"line":278,"column":12},"end":{"line":278,"column":69}},"35":{"start":{"line":279,"column":12},"end":{"line":279,"column":77}},"36":{"start":{"line":288,"column":8},"end":{"line":288,"column":67}},"37":{"start":{"line":289,"column":8},"end":{"line":289,"column":47}},"38":{"start":{"line":291,"column":8},"end":{"line":291,"column":59}},"39":{"start":{"line":291,"column":53},"end":{"line":291,"column":59}},"40":{"start":{"line":293,"column":8},"end":{"line":293,"column":56}},"41":{"start":{"line":295,"column":8},"end":{"line":295,"column":9802}},"42":{"start":{"line":297,"column":12},"end":{"line":297,"column":9892}},"43":{"start":{"line":298,"column":16},"end":{"line":298,"column":73}},"44":{"start":{"line":299,"column":16},"end":{"line":299,"column":10043}},"45":{"start":{"line":304,"column":16},"end":{"line":304,"column":10311}},"46":{"start":{"line":305,"column":20},"end":{"line":305,"column":80}},"47":{"start":{"line":306,"column":21},"end":{"line":306,"column":10463}},"48":{"start":{"line":307,"column":20},"end":{"line":307,"column":103}},"49":{"start":{"line":310,"column":8},"end":{"line":310,"column":10585}},"50":{"start":{"line":312,"column":12},"end":{"line":312,"column":33}},"51":{"start":{"line":313,"column":12},"end":{"line":313,"column":87}},"52":{"start":{"line":314,"column":12},"end":{"line":314,"column":69}},"53":{"start":{"line":315,"column":12},"end":{"line":315,"column":10856}},"54":{"start":{"line":316,"column":16},"end":{"line":316,"column":73}},"55":{"start":{"line":317,"column":16},"end":{"line":317,"column":11067}},"56":{"start":{"line":318,"column":20},"end":{"line":318,"column":76}},"57":{"start":{"line":320,"column":12},"end":{"line":320,"column":84}},"58":{"start":{"line":323,"column":8},"end":{"line":323,"column":11255}},"59":{"start":{"line":325,"column":12},"end":{"line":325,"column":11392}},"60":{"start":{"line":326,"column":16},"end":{"line":326,"column":64}},"61":{"start":{"line":327,"column":16},"end":{"line":327,"column":80}},"62":{"start":{"line":329,"column":8},"end":{"line":329,"column":19}},"63":{"start":{"line":337,"column":8},"end":{"line":337,"column":42}},"64":{"start":{"line":337,"column":36},"end":{"line":337,"column":42}},"65":{"start":{"line":339,"column":8},"end":{"line":339,"column":11850}},"66":{"start":{"line":340,"column":12},"end":{"line":340,"column":63}},"67":{"start":{"line":342,"column":12},"end":{"line":342,"column":12063}},"68":{"start":{"line":342,"column":59},"end":{"line":342,"column":88}},"69":{"start":{"line":345,"column":16},"end":{"line":345,"column":39}},"70":{"start":{"line":359,"column":8},"end":{"line":359,"column":69}},"71":{"start":{"line":360,"column":8},"end":{"line":360,"column":67}},"72":{"start":{"line":361,"column":8},"end":{"line":361,"column":81}},"73":{"start":{"line":363,"column":8},"end":{"line":363,"column":92}},"74":{"start":{"line":367,"column":8},"end":{"line":367,"column":13137}},"75":{"start":{"line":380,"column":8},"end":{"line":380,"column":100}},"76":{"start":{"line":390,"column":8},"end":{"line":390,"column":36}},"77":{"start":{"line":390,"column":30},"end":{"line":390,"column":36}},"78":{"start":{"line":392,"column":8},"end":{"line":392,"column":29}},"79":{"start":{"line":393,"column":8},"end":{"line":393,"column":83}},"80":{"start":{"line":395,"column":8},"end":{"line":395,"column":71}},"81":{"start":{"line":403,"column":8},"end":{"line":403,"column":37}},"82":{"start":{"line":414,"column":8},"end":{"line":414,"column":50}},"83":{"start":{"line":415,"column":8},"end":{"line":415,"column":14949}},"84":{"start":{"line":417,"column":8},"end":{"line":417,"column":25}},"85":{"start":{"line":425,"column":8},"end":{"line":425,"column":68}},"86":{"start":{"line":439,"column":8},"end":{"line":439,"column":81}},"87":{"start":{"line":447,"column":8},"end":{"line":447,"column":50}},"88":{"start":{"line":448,"column":8},"end":{"line":448,"column":68}},"89":{"start":{"line":449,"column":8},"end":{"line":449,"column":16357}},"90":{"start":{"line":450,"column":12},"end":{"line":450,"column":87}},"91":{"start":{"line":452,"column":8},"end":{"line":452,"column":102}},"92":{"start":{"line":460,"column":8},"end":{"line":460,"column":36}},"93":{"start":{"line":461,"column":8},"end":{"line":461,"column":16917}},"94":{"start":{"line":462,"column":12},"end":{"line":462,"column":72}},"95":{"start":{"line":464,"column":8},"end":{"line":464,"column":31}},"96":{"start":{"line":473,"column":8},"end":{"line":473,"column":15}},"97":{"start":{"line":474,"column":8},"end":{"line":474,"column":36}},"98":{"start":{"line":482,"column":8},"end":{"line":482,"column":17}},"99":{"start":{"line":485,"column":8},"end":{"line":485,"column":17531}},"100":{"start":{"line":486,"column":12},"end":{"line":486,"column":63}},"101":{"start":{"line":487,"column":12},"end":{"line":487,"column":17667}},"102":{"start":{"line":488,"column":16},"end":{"line":488,"column":39}},"103":{"start":{"line":492,"column":8},"end":{"line":492,"column":38}},"104":{"start":{"line":515,"column":8},"end":{"line":515,"column":18784}},"105":{"start":{"line":549,"column":8},"end":{"line":549,"column":69}},"106":{"start":{"line":550,"column":8},"end":{"line":550,"column":93}},"107":{"start":{"line":551,"column":8},"end":{"line":551,"column":20486}},"108":{"start":{"line":553,"column":8},"end":{"line":553,"column":105}},"109":{"start":{"line":554,"column":8},"end":{"line":554,"column":97}},"110":{"start":{"line":555,"column":8},"end":{"line":555,"column":93}},"111":{"start":{"line":556,"column":8},"end":{"line":556,"column":20928}},"112":{"start":{"line":559,"column":10},"end":{"line":559,"column":68}},"113":{"start":{"line":567,"column":8},"end":{"line":567,"column":30}},"114":{"start":{"line":576,"column":8},"end":{"line":576,"column":31}},"115":{"start":{"line":584,"column":8},"end":{"line":584,"column":46}},"116":{"start":{"line":592,"column":8},"end":{"line":592,"column":47}},"117":{"start":{"line":600,"column":8},"end":{"line":600,"column":37}},"118":{"start":{"line":608,"column":8},"end":{"line":608,"column":31}},"119":{"start":{"line":616,"column":8},"end":{"line":616,"column":42}},"120":{"start":{"line":624,"column":8},"end":{"line":624,"column":42}},"121":{"start":{"line":687,"column":8},"end":{"line":687,"column":61}},"122":{"start":{"line":688,"column":8},"end":{"line":688,"column":49}},"123":{"start":{"line":697,"column":8},"end":{"line":697,"column":51}},"124":{"start":{"line":711,"column":8},"end":{"line":711,"column":52}},"125":{"start":{"line":713,"column":8},"end":{"line":713,"column":52}},"126":{"start":{"line":714,"column":8},"end":{"line":714,"column":64}},"127":{"start":{"line":722,"column":8},"end":{"line":722,"column":19}},"128":{"start":{"line":737,"column":8},"end":{"line":737,"column":21}},"129":{"start":{"line":750,"column":8},"end":{"line":750,"column":59}},"130":{"start":{"line":776,"column":8},"end":{"line":776,"column":66}},"131":{"start":{"line":784,"column":8},"end":{"line":784,"column":68}},"132":{"start":{"line":792,"column":8},"end":{"line":792,"column":98}},"133":{"start":{"line":800,"column":8},"end":{"line":800,"column":28095}},"134":{"start":{"line":811,"column":8},"end":{"line":811,"column":28426}},"135":{"start":{"line":822,"column":8},"end":{"line":822,"column":98}},"136":{"start":{"line":830,"column":8},"end":{"line":830,"column":103}},"137":{"start":{"line":831,"column":8},"end":{"line":831,"column":105}},"138":{"start":{"line":839,"column":8},"end":{"line":839,"column":72}},"139":{"start":{"line":847,"column":8},"end":{"line":847,"column":77}},"140":{"start":{"line":855,"column":8},"end":{"line":855,"column":102}},"141":{"start":{"line":863,"column":8},"end":{"line":863,"column":102}},"142":{"start":{"line":871,"column":8},"end":{"line":871,"column":71}},"143":{"start":{"line":879,"column":8},"end":{"line":879,"column":94}},"144":{"start":{"line":887,"column":8},"end":{"line":887,"column":68}},"145":{"start":{"line":888,"column":8},"end":{"line":888,"column":30790}},"146":{"start":{"line":899,"column":8},"end":{"line":899,"column":55}},"147":{"start":{"line":907,"column":8},"end":{"line":907,"column":60}},"148":{"start":{"line":915,"column":8},"end":{"line":915,"column":86}},"149":{"start":{"line":923,"column":8},"end":{"line":923,"column":68}},"150":{"start":{"line":924,"column":8},"end":{"line":924,"column":31824}},"151":{"start":{"line":935,"column":8},"end":{"line":935,"column":76}},"152":{"start":{"line":943,"column":8},"end":{"line":943,"column":69}},"153":{"start":{"line":951,"column":8},"end":{"line":951,"column":81}},"154":{"start":{"line":952,"column":8},"end":{"line":952,"column":78}},"155":{"start":{"line":960,"column":8},"end":{"line":960,"column":75}},"156":{"start":{"line":961,"column":8},"end":{"line":961,"column":79}},"157":{"start":{"line":969,"column":8},"end":{"line":969,"column":70}},"158":{"start":{"line":977,"column":8},"end":{"line":977,"column":55}},"159":{"start":{"line":985,"column":8},"end":{"line":985,"column":52}},"160":{"start":{"line":993,"column":8},"end":{"line":993,"column":69}}},"branchMap":{"1":{"line":87,"type":"if","locations":[{"start":{"line":87,"column":8},"end":{"line":87,"column":8}},{"start":{"line":87,"column":8},"end":{"line":87,"column":8}}]},"2":{"line":88,"type":"if","locations":[{"start":{"line":88,"column":8},"end":{"line":88,"column":8}},{"start":{"line":88,"column":8},"end":{"line":88,"column":8}}]},"3":{"line":89,"type":"if","locations":[{"start":{"line":89,"column":8},"end":{"line":89,"column":8}},{"start":{"line":89,"column":8},"end":{"line":89,"column":8}}]},"4":{"line":90,"type":"if","locations":[{"start":{"line":90,"column":8},"end":{"line":90,"column":8}},{"start":{"line":90,"column":8},"end":{"line":90,"column":8}}]},"5":{"line":91,"type":"if","locations":[{"start":{"line":91,"column":8},"end":{"line":91,"column":8}},{"start":{"line":91,"column":8},"end":{"line":91,"column":8}}]},"6":{"line":92,"type":"if","locations":[{"start":{"line":92,"column":8},"end":{"line":92,"column":8}},{"start":{"line":92,"column":8},"end":{"line":92,"column":8}}]},"7":{"line":93,"type":"if","locations":[{"start":{"line":93,"column":8},"end":{"line":93,"column":8}},{"start":{"line":93,"column":8},"end":{"line":93,"column":8}}]},"8":{"line":124,"type":"if","locations":[{"start":{"line":124,"column":8},"end":{"line":124,"column":8}},{"start":{"line":124,"column":8},"end":{"line":124,"column":8}}]},"9":{"line":124,"type":"cond-expr","locations":[{"start":{"line":124,"column":16},"end":{"line":124,"column":64}},{"start":{"line":124,"column":69},"end":{"line":124,"column":85}}]},"10":{"line":127,"type":"if","locations":[{"start":{"line":127,"column":8},"end":{"line":127,"column":8}},{"start":{"line":127,"column":8},"end":{"line":127,"column":8}}]},"11":{"line":134,"type":"if","locations":[{"start":{"line":134,"column":43},"end":{"line":134,"column":43}},{"start":{"line":134,"column":43},"end":{"line":134,"column":43}}]},"12":{"line":134,"type":"if","locations":[{"start":{"line":134,"column":62},"end":{"line":134,"column":62}},{"start":{"line":134,"column":62},"end":{"line":134,"column":62}}]},"13":{"line":134,"type":"if","locations":[{"start":{"line":134,"column":76},"end":{"line":134,"column":76}},{"start":{"line":134,"column":76},"end":{"line":134,"column":76}}]},"14":{"line":150,"type":"if","locations":[{"start":{"line":150,"column":8},"end":{"line":150,"column":8}},{"start":{"line":150,"column":8},"end":{"line":150,"column":8}}]},"15":{"line":151,"type":"if","locations":[{"start":{"line":151,"column":8},"end":{"line":151,"column":8}},{"start":{"line":151,"column":8},"end":{"line":151,"column":8}}]},"16":{"line":152,"type":"if","locations":[{"start":{"line":152,"column":8},"end":{"line":152,"column":8}},{"start":{"line":152,"column":8},"end":{"line":152,"column":8}}]},"17":{"line":153,"type":"if","locations":[{"start":{"line":153,"column":8},"end":{"line":153,"column":8}},{"start":{"line":153,"column":8},"end":{"line":153,"column":8}}]},"18":{"line":154,"type":"if","locations":[{"start":{"line":154,"column":8},"end":{"line":154,"column":8}},{"start":{"line":154,"column":8},"end":{"line":154,"column":8}}]},"19":{"line":155,"type":"if","locations":[{"start":{"line":155,"column":8},"end":{"line":155,"column":8}},{"start":{"line":155,"column":8},"end":{"line":155,"column":8}}]},"20":{"line":156,"type":"if","locations":[{"start":{"line":156,"column":8},"end":{"line":156,"column":8}},{"start":{"line":156,"column":8},"end":{"line":156,"column":8}}]},"21":{"line":181,"type":"if","locations":[{"start":{"line":181,"column":8},"end":{"line":181,"column":8}},{"start":{"line":181,"column":8},"end":{"line":181,"column":8}}]},"22":{"line":182,"type":"if","locations":[{"start":{"line":182,"column":8},"end":{"line":182,"column":8}},{"start":{"line":182,"column":8},"end":{"line":182,"column":8}}]},"23":{"line":183,"type":"if","locations":[{"start":{"line":183,"column":8},"end":{"line":183,"column":8}},{"start":{"line":183,"column":8},"end":{"line":183,"column":8}}]},"24":{"line":184,"type":"if","locations":[{"start":{"line":184,"column":8},"end":{"line":184,"column":8}},{"start":{"line":184,"column":8},"end":{"line":184,"column":8}}]},"25":{"line":185,"type":"if","locations":[{"start":{"line":185,"column":8},"end":{"line":185,"column":8}},{"start":{"line":185,"column":8},"end":{"line":185,"column":8}}]},"26":{"line":186,"type":"if","locations":[{"start":{"line":186,"column":8},"end":{"line":186,"column":8}},{"start":{"line":186,"column":8},"end":{"line":186,"column":8}}]},"27":{"line":187,"type":"if","locations":[{"start":{"line":187,"column":8},"end":{"line":187,"column":8}},{"start":{"line":187,"column":8},"end":{"line":187,"column":8}}]},"28":{"line":188,"type":"if","locations":[{"start":{"line":188,"column":8},"end":{"line":188,"column":8}},{"start":{"line":188,"column":8},"end":{"line":188,"column":8}}]},"29":{"line":193,"type":"if","locations":[{"start":{"line":193,"column":8},"end":{"line":193,"column":8}},{"start":{"line":193,"column":8},"end":{"line":193,"column":8}}]},"30":{"line":193,"type":"cond-expr","locations":[{"start":{"line":193,"column":12},"end":{"line":193,"column":56}},{"start":{"line":193,"column":61},"end":{"line":193,"column":105}}]},"31":{"line":207,"type":"if","locations":[{"start":{"line":207,"column":56},"end":{"line":207,"column":56}},{"start":{"line":207,"column":56},"end":{"line":207,"column":56}}]},"32":{"line":207,"type":"if","locations":[{"start":{"line":207,"column":74},"end":{"line":207,"column":74}},{"start":{"line":207,"column":74},"end":{"line":207,"column":74}}]},"33":{"line":208,"type":"if","locations":[{"start":{"line":208,"column":8},"end":{"line":208,"column":8}},{"start":{"line":208,"column":8},"end":{"line":208,"column":8}}]},"34":{"line":211,"type":"if","locations":[{"start":{"line":211,"column":15},"end":{"line":211,"column":15}},{"start":{"line":211,"column":15},"end":{"line":211,"column":15}}]},"35":{"line":223,"type":"if","locations":[{"start":{"line":223,"column":8},"end":{"line":223,"column":8}},{"start":{"line":223,"column":8},"end":{"line":223,"column":8}}]},"36":{"line":224,"type":"if","locations":[{"start":{"line":224,"column":8},"end":{"line":224,"column":8}},{"start":{"line":224,"column":8},"end":{"line":224,"column":8}}]},"37":{"line":225,"type":"if","locations":[{"start":{"line":225,"column":8},"end":{"line":225,"column":8}},{"start":{"line":225,"column":8},"end":{"line":225,"column":8}}]},"38":{"line":226,"type":"if","locations":[{"start":{"line":226,"column":8},"end":{"line":226,"column":8}},{"start":{"line":226,"column":8},"end":{"line":226,"column":8}}]},"39":{"line":227,"type":"if","locations":[{"start":{"line":227,"column":8},"end":{"line":227,"column":8}},{"start":{"line":227,"column":8},"end":{"line":227,"column":8}}]},"40":{"line":259,"type":"if","locations":[{"start":{"line":259,"column":8},"end":{"line":259,"column":8}},{"start":{"line":259,"column":8},"end":{"line":259,"column":8}}]},"41":{"line":277,"type":"if","locations":[{"start":{"line":277,"column":8},"end":{"line":277,"column":8}},{"start":{"line":277,"column":8},"end":{"line":277,"column":8}}]},"42":{"line":279,"type":"if","locations":[{"start":{"line":279,"column":12},"end":{"line":279,"column":12}},{"start":{"line":279,"column":12},"end":{"line":279,"column":12}}]},"43":{"line":291,"type":"if","locations":[{"start":{"line":291,"column":8},"end":{"line":291,"column":8}},{"start":{"line":291,"column":8},"end":{"line":291,"column":8}}]},"44":{"line":295,"type":"if","locations":[{"start":{"line":295,"column":8},"end":{"line":295,"column":8}},{"start":{"line":295,"column":8},"end":{"line":295,"column":8}}]},"45":{"line":304,"type":"if","locations":[{"start":{"line":304,"column":16},"end":{"line":304,"column":16}},{"start":{"line":304,"column":16},"end":{"line":304,"column":16}}]},"46":{"line":306,"type":"if","locations":[{"start":{"line":306,"column":21},"end":{"line":306,"column":21}},{"start":{"line":306,"column":21},"end":{"line":306,"column":21}}]},"47":{"line":310,"type":"if","locations":[{"start":{"line":310,"column":8},"end":{"line":310,"column":8}},{"start":{"line":310,"column":8},"end":{"line":310,"column":8}}]},"48":{"line":317,"type":"if","locations":[{"start":{"line":317,"column":16},"end":{"line":317,"column":16}},{"start":{"line":317,"column":16},"end":{"line":317,"column":16}}]},"49":{"line":323,"type":"if","locations":[{"start":{"line":323,"column":8},"end":{"line":323,"column":8}},{"start":{"line":323,"column":8},"end":{"line":323,"column":8}}]},"50":{"line":326,"type":"if","locations":[{"start":{"line":326,"column":49},"end":{"line":326,"column":53}},{"start":{"line":326,"column":57},"end":{"line":326,"column":63}}]},"51":{"line":337,"type":"if","locations":[{"start":{"line":337,"column":8},"end":{"line":337,"column":8}},{"start":{"line":337,"column":8},"end":{"line":337,"column":8}}]},"52":{"line":342,"type":"if","locations":[{"start":{"line":342,"column":12},"end":{"line":342,"column":12}},{"start":{"line":342,"column":12},"end":{"line":342,"column":12}}]},"53":{"line":390,"type":"if","locations":[{"start":{"line":390,"column":8},"end":{"line":390,"column":8}},{"start":{"line":390,"column":8},"end":{"line":390,"column":8}}]},"54":{"line":395,"type":"if","locations":[{"start":{"line":395,"column":8},"end":{"line":395,"column":8}},{"start":{"line":395,"column":8},"end":{"line":395,"column":8}}]},"55":{"line":450,"type":"if","locations":[{"start":{"line":450,"column":12},"end":{"line":450,"column":12}},{"start":{"line":450,"column":12},"end":{"line":450,"column":12}}]},"56":{"line":462,"type":"if","locations":[{"start":{"line":462,"column":12},"end":{"line":462,"column":12}},{"start":{"line":462,"column":12},"end":{"line":462,"column":12}}]},"57":{"line":472,"type":"if","locations":[{"start":{"line":472,"column":35},"end":{"line":472,"column":35}},{"start":{"line":472,"column":35},"end":{"line":472,"column":35}}]},"58":{"line":481,"type":"if","locations":[{"start":{"line":481,"column":37},"end":{"line":481,"column":37}},{"start":{"line":481,"column":37},"end":{"line":481,"column":37}}]},"59":{"line":487,"type":"if","locations":[{"start":{"line":487,"column":12},"end":{"line":487,"column":12}},{"start":{"line":487,"column":12},"end":{"line":487,"column":12}}]},"60":{"line":548,"type":"if","locations":[{"start":{"line":548,"column":82},"end":{"line":548,"column":82}},{"start":{"line":548,"column":82},"end":{"line":548,"column":82}}]},"61":{"line":548,"type":"if","locations":[{"start":{"line":548,"column":93},"end":{"line":548,"column":93}},{"start":{"line":548,"column":93},"end":{"line":548,"column":93}}]},"62":{"line":549,"type":"if","locations":[{"start":{"line":549,"column":8},"end":{"line":549,"column":8}},{"start":{"line":549,"column":8},"end":{"line":549,"column":8}}]},"63":{"line":550,"type":"if","locations":[{"start":{"line":550,"column":8},"end":{"line":550,"column":8}},{"start":{"line":550,"column":8},"end":{"line":550,"column":8}}]},"64":{"line":551,"type":"if","locations":[{"start":{"line":551,"column":8},"end":{"line":551,"column":8}},{"start":{"line":551,"column":8},"end":{"line":551,"column":8}}]},"65":{"line":553,"type":"if","locations":[{"start":{"line":553,"column":8},"end":{"line":553,"column":8}},{"start":{"line":553,"column":8},"end":{"line":553,"column":8}}]},"66":{"line":554,"type":"if","locations":[{"start":{"line":554,"column":8},"end":{"line":554,"column":8}},{"start":{"line":554,"column":8},"end":{"line":554,"column":8}}]},"67":{"line":555,"type":"if","locations":[{"start":{"line":555,"column":8},"end":{"line":555,"column":8}},{"start":{"line":555,"column":8},"end":{"line":555,"column":8}}]},"68":{"line":556,"type":"if","locations":[{"start":{"line":556,"column":8},"end":{"line":556,"column":8}},{"start":{"line":556,"column":8},"end":{"line":556,"column":8}}]},"69":{"line":636,"type":"if","locations":[{"start":{"line":636,"column":54},"end":{"line":636,"column":54}},{"start":{"line":636,"column":54},"end":{"line":636,"column":54}}]},"70":{"line":645,"type":"if","locations":[{"start":{"line":645,"column":72},"end":{"line":645,"column":72}},{"start":{"line":645,"column":72},"end":{"line":645,"column":72}}]},"71":{"line":645,"type":"if","locations":[{"start":{"line":645,"column":83},"end":{"line":645,"column":83}},{"start":{"line":645,"column":83},"end":{"line":645,"column":83}}]},"72":{"line":659,"type":"if","locations":[{"start":{"line":659,"column":8},"end":{"line":659,"column":8}},{"start":{"line":659,"column":8},"end":{"line":659,"column":8}}]},"73":{"line":660,"type":"if","locations":[{"start":{"line":660,"column":8},"end":{"line":660,"column":8}},{"start":{"line":660,"column":8},"end":{"line":660,"column":8}}]},"74":{"line":661,"type":"if","locations":[{"start":{"line":661,"column":8},"end":{"line":661,"column":8}},{"start":{"line":661,"column":8},"end":{"line":661,"column":8}}]},"75":{"line":662,"type":"if","locations":[{"start":{"line":662,"column":8},"end":{"line":662,"column":8}},{"start":{"line":662,"column":8},"end":{"line":662,"column":8}}]},"76":{"line":675,"type":"if","locations":[{"start":{"line":675,"column":24},"end":{"line":675,"column":24}},{"start":{"line":675,"column":24},"end":{"line":675,"column":24}}]},"77":{"line":675,"type":"if","locations":[{"start":{"line":675,"column":43},"end":{"line":675,"column":43}},{"start":{"line":675,"column":43},"end":{"line":675,"column":43}}]},"78":{"line":675,"type":"if","locations":[{"start":{"line":675,"column":69},"end":{"line":675,"column":69}},{"start":{"line":675,"column":69},"end":{"line":675,"column":69}}]},"79":{"line":686,"type":"if","locations":[{"start":{"line":686,"column":24},"end":{"line":686,"column":24}},{"start":{"line":686,"column":24},"end":{"line":686,"column":24}}]},"80":{"line":686,"type":"if","locations":[{"start":{"line":686,"column":35},"end":{"line":686,"column":35}},{"start":{"line":686,"column":35},"end":{"line":686,"column":35}}]},"81":{"line":686,"type":"if","locations":[{"start":{"line":686,"column":54},"end":{"line":686,"column":54}},{"start":{"line":686,"column":54},"end":{"line":686,"column":54}}]},"82":{"line":696,"type":"if","locations":[{"start":{"line":696,"column":74},"end":{"line":696,"column":74}},{"start":{"line":696,"column":74},"end":{"line":696,"column":74}}]},"83":{"line":696,"type":"if","locations":[{"start":{"line":696,"column":85},"end":{"line":696,"column":85}},{"start":{"line":696,"column":85},"end":{"line":696,"column":85}}]},"84":{"line":707,"type":"if","locations":[{"start":{"line":707,"column":8},"end":{"line":707,"column":8}},{"start":{"line":707,"column":8},"end":{"line":707,"column":8}}]},"85":{"line":708,"type":"if","locations":[{"start":{"line":708,"column":8},"end":{"line":708,"column":8}},{"start":{"line":708,"column":8},"end":{"line":708,"column":8}}]},"86":{"line":709,"type":"if","locations":[{"start":{"line":709,"column":8},"end":{"line":709,"column":8}},{"start":{"line":709,"column":8},"end":{"line":709,"column":8}}]},"87":{"line":721,"type":"if","locations":[{"start":{"line":721,"column":54},"end":{"line":721,"column":54}},{"start":{"line":721,"column":54},"end":{"line":721,"column":54}}]},"88":{"line":721,"type":"if","locations":[{"start":{"line":721,"column":82},"end":{"line":721,"column":82}},{"start":{"line":721,"column":82},"end":{"line":721,"column":82}}]},"89":{"line":732,"type":"if","locations":[{"start":{"line":732,"column":8},"end":{"line":732,"column":8}},{"start":{"line":732,"column":8},"end":{"line":732,"column":8}}]},"90":{"line":733,"type":"if","locations":[{"start":{"line":733,"column":8},"end":{"line":733,"column":8}},{"start":{"line":733,"column":8},"end":{"line":733,"column":8}}]},"91":{"line":734,"type":"if","locations":[{"start":{"line":734,"column":8},"end":{"line":734,"column":8}},{"start":{"line":734,"column":8},"end":{"line":734,"column":8}}]},"92":{"line":735,"type":"if","locations":[{"start":{"line":735,"column":8},"end":{"line":735,"column":8}},{"start":{"line":735,"column":8},"end":{"line":735,"column":8}}]},"93":{"line":749,"type":"if","locations":[{"start":{"line":749,"column":74},"end":{"line":749,"column":74}},{"start":{"line":749,"column":74},"end":{"line":749,"column":74}}]},"94":{"line":749,"type":"if","locations":[{"start":{"line":749,"column":86},"end":{"line":749,"column":86}},{"start":{"line":749,"column":86},"end":{"line":749,"column":86}}]},"95":{"line":776,"type":"if","locations":[{"start":{"line":776,"column":8},"end":{"line":776,"column":8}},{"start":{"line":776,"column":8},"end":{"line":776,"column":8}}]},"96":{"line":784,"type":"if","locations":[{"start":{"line":784,"column":8},"end":{"line":784,"column":8}},{"start":{"line":784,"column":8},"end":{"line":784,"column":8}}]},"97":{"line":792,"type":"if","locations":[{"start":{"line":792,"column":8},"end":{"line":792,"column":8}},{"start":{"line":792,"column":8},"end":{"line":792,"column":8}}]},"98":{"line":792,"type":"cond-expr","locations":[{"start":{"line":792,"column":16},"end":{"line":792,"column":36}},{"start":{"line":792,"column":41},"end":{"line":792,"column":59}}]},"99":{"line":800,"type":"if","locations":[{"start":{"line":800,"column":8},"end":{"line":800,"column":8}},{"start":{"line":800,"column":8},"end":{"line":800,"column":8}}]},"100":{"line":801,"type":"cond-expr","locations":[{"start":{
[...]
ne":157,"type":"if","locations":[{"start":{"line":157,"column":8},"end":{"line":157,"column":8}},{"start":{"line":157,"column":8},"end":{"line":157,"column":8}}]},"12":{"line":167,"type":"if","locations":[{"start":{"line":167,"column":66},"end":{"line":167,"column":66}},{"start":{"line":167,"column":66},"end":{"line":167,"column":66}}]},"13":{"line":169,"type":"if","locations":[{"start":{"line":169,"column":12},"end":{"line":169,"column":12}},{"start":{"line":169,"column":12},"end":{"line":169,"column":12}}]},"14":{"line":181,"type":"if","locations":[{"start":{"line":181,"column":64},"end":{"line":181,"column":64}},{"start":{"line":181,"column":64},"end":{"line":181,"column":64}}]},"15":{"line":188,"type":"if","locations":[{"start":{"line":188,"column":8},"end":{"line":188,"column":8}},{"start":{"line":188,"column":8},"end":{"line":188,"column":8}}]},"16":{"line":195,"type":"if","locations":[{"start":{"line":195,"column":8},"end":{"line":195,"column":8}},{"start":{"line":195,"column":8},"end":{"line":195,"column":8}}]},"17":{"line":199,"type":"if","locations":[{"start":{"line":199,"column":8},"end":{"line":199,"column":8}},{"start":{"line":199,"column":8},"end":{"line":199,"column":8}}]},"18":{"line":248,"type":"if","locations":[{"start":{"line":248,"column":8},"end":{"line":248,"column":8}},{"start":{"line":248,"column":8},"end":{"line":248,"column":8}}]},"19":{"line":258,"type":"if","locations":[{"start":{"line":258,"column":39},"end":{"line":258,"column":39}},{"start":{"line":258,"column":39},"end":{"line":258,"column":39}}]},"20":{"line":265,"type":"if","locations":[{"start":{"line":265,"column":41},"end":{"line":265,"column":41}},{"start":{"line":265,"column":41},"end":{"line":265,"column":41}}]},"21":{"line":294,"type":"if","locations":[{"start":{"line":294,"column":12},"end":{"line":294,"column":12}},{"start":{"line":294,"column":12},"end":{"line":294,"column":12}}]},"22":{"line":311,"type":"if","locations":[{"start":{"line":311,"column":8},"end":{"line":311,"column":8}},{"start":{"line":311,"column":8},"end":{"line":311,"column":8}}]},"23":{"line":314,"type":"if","locations":[{"start":{"line":314,"column":8},"end":{"line":314,"column":8}},{"start":{"line":314,"column":8},"end":{"line":314,"column":8}}]},"24":{"line":317,"type":"if","locations":[{"start":{"line":317,"column":8},"end":{"line":317,"column":8}},{"start":{"line":317,"column":8},"end":{"line":317,"column":8}}]},"25":{"line":320,"type":"if","locations":[{"start":{"line":320,"column":8},"end":{"line":320,"column":8}},{"start":{"line":320,"column":8},"end":{"line":320,"column":8}}]},"26":{"line":348,"type":"if","locations":[{"start":{"line":348,"column":12},"end":{"line":348,"column":12}},{"start":{"line":348,"column":12},"end":{"line":348,"column":12}}]},"27":{"line":355,"type":"if","locations":[{"start":{"line":355,"column":8},"end":{"line":355,"column":8}},{"start":{"line":355,"column":8},"end":{"line":355,"column":8}}]},"28":{"line":362,"type":"if","locations":[{"start":{"line":362,"column":8},"end":{"line":362,"column":8}},{"start":{"line":362,"column":8},"end":{"line":362,"column":8}}]},"29":{"line":362,"type":"cond-expr","locations":[{"start":{"line":362,"column":16},"end":{"line":362,"column":36}},{"start":{"line":362,"column":41},"end":{"line":362,"column":69}}]}}},"contracts/keepers/Keeper.sol":{"l":{"26":24,"27":24,"28":24,"40":0,"41":0,"49":16,"50":16,"62":91,"70":3,"78":0,"87":3,"88":3,"89":3,"98":2,"110":22,"111":22,"112":22,"121":2,"123":2,"124":2,"132":16,"133":16,"141":2,"142":1,"143":1,"144":1,"148":22,"149":22,"151":22,"153":22,"164":2,"165":2,"166":2},"path":"/Users/guillaumedieudonne/Documents/Code/Perso/BlockChains/SideProjects/LetsFuckingGame/lets-fucking-game-v2/packages/hardhat/contracts/keepers/Keeper.sol","s":{"1":0,"2":0,"3":16,"4":16,"5":91,"6":3,"7":0,"8":3,"9":3,"10":2,"11":22,"12":22,"13":2,"14":0,"15":2,"16":2,"17":16,"18":16,"19":2,"20":1,"21":1,"22":22,"23":22,"24":22,"25":2,"26":2},"b":{"1":[0,0],"2":[16,0],"3":[91,0],"4":[3,0],"5":[0,0],"6":[3,0],"7":[2,0],"8":[22,0],"9":[2,0],"10":[2,0],"11":[0,2],"12":[16,0],"13":[16,0],"14":[2,0],"15":[2,0],"16":[1,1],"17":[22,0],"18":[2,0],"19":[2,0]},"f":{"1":24,"2":0,"3":16,"4":91,"5":3,"6":0,"7":3,"8":2,"9":22,"10":2,"11":16,"12":2,"13":22,"14":2},"fnMap":{"1":{"name":"constructor","line":25,"loc":{"start":{"line":25,"column":4},"end":{"line":29,"column":4}}},"2":{"name":"registerCronToUpkeep","line":39,"loc":{"start":{"line":39,"column":4},"end":{"line":42,"column":4}}},"3":{"name":"registerCronToUpkeep","line":48,"loc":{"start":{"line":48,"column":4},"end":{"line":51,"column":4}}},"4":{"name":"getCronUpkeep","line":61,"loc":{"start":{"line":61,"column":4},"end":{"line":63,"column":4}}},"5":{"name":"getEncodedCron","line":69,"loc":{"start":{"line":69,"column":4},"end":{"line":71,"column":4}}},"6":{"name":"getHandler","line":77,"loc":{"start":{"line":77,"column":4},"end":{"line":79,"column":4}}},"7":{"name":"setCronUpkeep","line":86,"loc":{"start":{"line":86,"column":4},"end":{"line":90,"column":4}}},"8":{"name":"setEncodedCron","line":97,"loc":{"start":{"line":97,"column":4},"end":{"line":99,"column":4}}},"9":{"name":"pauseKeeper","line":109,"loc":{"start":{"line":109,"column":4},"end":{"line":113,"column":4}}},"10":{"name":"unpauseKeeper","line":119,"loc":{"start":{"line":119,"column":4},"end":{"line":125,"column":4}}},"11":{"name":"transferOwnership","line":131,"loc":{"start":{"line":131,"column":4},"end":{"line":134,"column":4}}},"12":{"name":"_setEncodedCron","line":140,"loc":{"start":{"line":140,"column":4},"end":{"line":145,"column":4}}},"13":{"name":"_registerCronToUpkeep","line":147,"loc":{"start":{"line":147,"column":4},"end":{"line":158,"column":4}}},"14":{"name":"onlyIfKeeperDataInit","line":163,"loc":{"start":{"line":163,"column":4},"end":{"line":167,"column":4}}}},"statementMap":{"1":{"start":{"line":40,"column":8},"end":{"line":40,"column":37}},"2":{"start":{"line":41,"column":8},"end":{"line":41,"column":71}},"3":{"start":{"line":49,"column":8},"end":{"line":49,"column":37}},"4":{"start":{"line":50,"column":8},"end":{"line":50,"column":71}},"5":{"start":{"line":62,"column":8},"end":{"line":62,"column":25}},"6":{"start":{"line":70,"column":8},"end":{"line":70,"column":26}},"7":{"start":{"line":78,"column":8},"end":{"line":78,"column":22}},"8":{"start":{"line":88,"column":8},"end":{"line":88,"column":37}},"9":{"start":{"line":89,"column":8},"end":{"line":89,"column":68}},"10":{"start":{"line":98,"column":8},"end":{"line":98,"column":36}},"11":{"start":{"line":110,"column":8},"end":{"line":110,"column":15}},"12":{"start":{"line":111,"column":8},"end":{"line":111,"column":61}},"13":{"start":{"line":121,"column":8},"end":{"line":121,"column":65}},"14":{"start":{"line":121,"column":59},"end":{"line":121,"column":65}},"15":{"start":{"line":123,"column":8},"end":{"line":123,"column":17}},"16":{"start":{"line":124,"column":8},"end":{"line":124,"column":37}},"17":{"start":{"line":132,"column":8},"end":{"line":132,"column":80}},"18":{"start":{"line":133,"column":8},"end":{"line":133,"column":35}},"19":{"start":{"line":141,"column":8},"end":{"line":141,"column":85}},"20":{"start":{"line":143,"column":8},"end":{"line":143,"column":37}},"21":{"start":{"line":144,"column":8},"end":{"line":144,"column":61}},"22":{"start":{"line":148,"column":8},"end":{"line":148,"column":76}},"23":{"start":{"line":151,"column":8},"end":{"line":151,"column":79}},"24":{"start":{"line":153,"column":8},"end":{"line":153,"column":4685}},"25":{"start":{"line":164,"column":8},"end":{"line":164,"column":82}},"26":{"start":{"line":165,"column":8},"end":{"line":165,"column":84}}},"branchMap":{"1":{"line":39,"type":"if","locations":[{"start":{"line":39,"column":54},"end":{"line":39,"column":54}},{"start":{"line":39,"column":54},"end":{"line":39,"column":54}}]},"2":{"line":48,"type":"if","locations":[{"start":{"line":48,"column":69},"end":{"line":48,"column":69}},{"start":{"line":48,"column":69},"end":{"line":48,"column":69}}]},"3":{"line":61,"type":"if","locations":[{"start":{"line":61,"column":52},"end":{"line":61,"column":52}},{"start":{"line":61,"column":52},"end":{"line":61,"column":52}}]},"4":{"line":69,"type":"if","locations":[{"start":{"line":69,"column":53},"end":{"line":69,"column":53}},{"start":{"line":69,"column":53},"end":{"line":69,"column":53}}]},"5":{"line":77,"type":"if","locations":[{"start":{"line":77,"column":49},"end":{"line":77,"column":49}},{"start":{"line":77,"column":49},"end":{"line":77,"column":49}}]},"6":{"line":86,"type":"if","locations":[{"start":{"line":86,"column":66},"end":{"line":86,"column":66}},{"start":{"line":86,"column":66},"end":{"line":86,"column":66}}]},"7":{"line":97,"type":"if","locations":[{"start":{"line":97,"column":74},"end":{"line":97,"column":74}},{"start":{"line":97,"column":74},"end":{"line":97,"column":74}}]},"8":{"line":109,"type":"if","locations":[{"start":{"line":109,"column":45},"end":{"line":109,"column":45}},{"start":{"line":109,"column":45},"end":{"line":109,"column":45}}]},"9":{"line":119,"type":"if","locations":[{"start":{"line":119,"column":47},"end":{"line":119,"column":47}},{"start":{"line":119,"column":47},"end":{"line":119,"column":47}}]},"10":{"line":119,"type":"if","locations":[{"start":{"line":119,"column":58},"end":{"line":119,"column":58}},{"start":{"line":119,"column":58},"end":{"line":119,"column":58}}]},"11":{"line":121,"type":"if","locations":[{"start":{"line":121,"column":8},"end":{"line":121,"column":8}},{"start":{"line":121,"column":8},"end":{"line":121,"column":8}}]},"12":{"line":131,"type":"if","locations":[{"start":{"line":131,"column":83},"end":{"line":131,"column":83}},{"start":{"line":131,"column":83},"end":{"line":131,"column":83}}]},"13":{"line":132,"type":"if","locations":[{"start":{"line":132,"column":8},"end":{"line":132,"column":8}},{"start":{"line":132,"column":8},"end":{"line":132,"column":8}}]},"14":{"line":140,"type":"if","locations":[{"start":{"line":140,"column":66},"end":{"line":140,"column":66}},{"start":{"line":140,"column":66},"end":{"line":140,"column":66}}]},"15":{"line":140,"type":"if","locations":[{"start":{"line":140,"column":77},"end":{"line":140,"column":77}},{"start":{"line":140,"column":77},"end":{"line":140,"column":77}}]},"16":{"line":141,"type":"if","locations":[{"start":{"line":141,"column":8},"end":{"line":141,"column":8}},{"start":{"line":141,"column":8},"end":{"line":141,"column":8}}]},"17":{"line":147,"type":"if","locations":[{"start":{"line":147,"column":61},"end":{"line":147,"column":61}},{"start":{"line":147,"column":61},"end":{"line":147,"column":61}}]},"18":{"line":164,"type":"if","locations":[{"start":{"line":164,"column":8},"end":{"line":164,"column":8}},{"start":{"line":164,"column":8},"end":{"line":164,"column":8}}]},"19":{"line":165,"type":"if","locations":[{"start":{"line":165,"column":8},"end":{"line":165,"column":8}},{"start":{"line":165,"column":8},"end":{"line":165,"column":8}}]}}},"contracts/libraries/KeeperHelpers.sol":{"l":{"25":24,"26":24},"path":"/Users/guillaumedieudonne/Documents/Code/Perso/BlockChains/SideProjects/LetsFuckingGame/lets-fucking-game-v2/packages/hardhat/contracts/libraries/KeeperHelpers.sol","s":{"1":24,"2":24},"b":{},"f":{"1":24},"fnMap":{"1":{"name":"createKeeper","line":20,"loc":{"start":{"line":20,"column":4},"end":{"line":27,"column":4}}}},"statementMap":{"1":{"start":{"line":25,"column":8},"end":{"line":25,"column":80}},"2":{"start":{"line":26,"column":8},"end":{"line":26,"column":30}}},"branchMap":{}},"contracts/libraries/TokenHelpers.sol":{"l":{"27":13,"29":13,"30":0,"31":0,"44":0,"45":0,"57":0,"68":0,"69":0,"71":0,"72":0,"74":0,"85":0,"92":13,"93":13},"path":"/Users/guillaumedieudonne/Documents/Code/Perso/BlockChains/SideProjects/LetsFuckingGame/lets-fucking-game-v2/packages/hardhat/contracts/libraries/TokenHelpers.sol","s":{"1":13,"2":13,"3":0,"4":0,"5":0,"6":0,"7":0,"8":0,"9":0,"10":0,"11":0,"12":0,"13":0,"14":13},"b":{"1":[13,0],"2":[0,13],"3":[0,0],"4":[0,0],"5":[0,0],"6":[13,0]},"f":{"1":13,"2":0,"3":0,"4":0,"5":0,"6":13},"fnMap":{"1":{"name":"safeTransfert","line":26,"loc":{"start":{"line":26,"column":4},"end":{"line":33,"column":4}}},"2":{"name":"transfertERC20","line":43,"loc":{"start":{"line":43,"column":4},"end":{"line":46,"column":4}}},"3":{"name":"transfertERC721","line":56,"loc":{"start":{"line":56,"column":4},"end":{"line":58,"column":4}}},"4":{"name":"getERC721TokenIds","line":67,"loc":{"start":{"line":67,"column":4},"end":{"line":75,"column":4}}},"5":{"name":"getERC20Balance","line":84,"loc":{"start":{"line":84,"column":4},"end":{"line":86,"column":4}}},"6":{"name":"onlyIfEnoughtBalance","line":91,"loc":{"start":{"line":91,"column":4},"end":{"line":94,"column":4}}}},"statementMap":{"1":{"start":{"line":27,"column":8},"end":{"line":27,"column":63}},"2":{"start":{"line":29,"column":8},"end":{"line":29,"column":991}},"3":{"start":{"line":30,"column":12},"end":{"line":30,"column":51}},"4":{"start":{"line":31,"column":12},"end":{"line":31,"column":45}},"5":{"start":{"line":44,"column":8},"end":{"line":44,"column":80}},"6":{"start":{"line":45,"column":8},"end":{"line":45,"column":63}},"7":{"start":{"line":45,"column":22},"end":{"line":45,"column":62}},"8":{"start":{"line":57,"column":8},"end":{"line":57,"column":65}},"9":{"start":{"line":68,"column":8},"end":{"line":68,"column":84}},"10":{"start":{"line":69,"column":8},"end":{"line":69,"column":14}},"11":{"start":{"line":71,"column":8},"end":{"line":71,"column":2616}},"12":{"start":{"line":74,"column":8},"end":{"line":74,"column":30}},"13":{"start":{"line":85,"column":8},"end":{"line":85,"column":49}},"14":{"start":{"line":92,"column":8},"end":{"line":92,"column":82}}},"branchMap":{"1":{"line":26,"type":"if","locations":[{"start":{"line":26,"column":70},"end":{"line":26,"column":70}},{"start":{"line":26,"column":70},"end":{"line":26,"column":70}}]},"2":{"line":29,"type":"if","locations":[{"start":{"line":29,"column":8},"end":{"line":29,"column":8}},{"start":{"line":29,"column":8},"end":{"line":29,"column":8}}]},"3":{"line":31,"type":"if","locations":[{"start":{"line":31,"column":12},"end":{"line":31,"column":12}},{"start":{"line":31,"column":12},"end":{"line":31,"column":12}}]},"4":{"line":45,"type":"if","locations":[{"start":{"line":45,"column":8},"end":{"line":45,"column":8}},{"start":{"line":45,"column":8},"end":{"line":45,"column":8}}]},"5":{"line":45,"type":"if","locations":[{"start":{"line":45,"column":22},"end":{"line":45,"column":22}},{"start":{"line":45,"column":22},"end":{"line":45,"column":22}}]},"6":{"line":92,"type":"if","locations":[{"start":{"line":92,"column":8},"end":{"line":92,"column":8}},{"start":{"line":92,"column":8},"end":{"line":92,"column":8}}]}}},"contracts/mocks/LinkToken.sol":{"l":{},"path":"/Users/guillaumedieudonne/Documents/Code/Perso/BlockChains/SideProjects/LetsFuckingGame/lets-fucking-game-v2/packages/hardhat/contracts/mocks/LinkToken.sol","s":{},"b":{},"f":{},"fnMap":{},"statementMap":{},"branchMap":{}},"contracts/multicall/Multicall3.sol":{"l":{"46":0,"47":0,"48":0,"49":0,"50":0,"51":0,"52":0,"53":0,"54":0,"55":0,"56":0,"71":0,"72":0,"73":0,"74":0,"75":0,"76":0,"77":0,"78":0,"79":0,"80":0,"100":0,"101":0,"102":0,"120":0,"127":0,"128":0,"129":0,"130":0,"131":0,"132":0,"133":0,"134":0,"149":0,"150":0,"160":0,"161":0,"162":0,"163":0,"164":0,"165":0,"166":0,"167":0,"170":0,"171":0,"173":0,"174":0,"189":0,"190":0,"194":0,"200":0,"205":0,"210":0,"215":0,"220":0,"225":0,"230":0,"235":0,"236":0,"243":0,"248":0},"path":"/Users/guillaumedieudonne/Documents/Code/Perso/BlockChains/SideProjects/LetsFuckingGame/lets-fucking-game-v2/packages/hardhat/contracts/multicall/Multicall3.sol","s":{"1":0,"2":0,"3":0,"4":0,"5":0,"6":0,"7":0,"8":0,"9":0,"10":0,"11":0,"12":0,"13":0,"14":0,"15":0,"16":0,"17":0,"18":0,"19":0,"20":0,"21":0,"22":0},"b":{"1":[0,0],"2":[0,0],"3":[0,0],"4":[0,0]},"f":{"1":0,"2":0,"3":0,"4":0,"5":0,"6":0,"7":0,"8":0,"9":0,"10":0,"11":0,"12":0,"13":0,"14":0,"15":0,"16":0},"fnMap":{"1":{"name":"aggregate","line":45,"loc":{"start":{"line":45,"column":4},"end":{"line":59,"column":4}}},"2":{"name":"tryAggregate","line":66,"loc":{"start":{"line":66,"column":4},"end":{"line":83,"column":4}}},"3":{"name":"tryBlockAndAggregate","line":91,"loc":{"start":{"line":91,"column":4},"end":{"line":103,"column":4}}},"4":{"name":"blockAndAggregate","line":111,"loc":{"start":{"line":111,"column":4},"end":{"line":121,"column":4}}},"5":{"name":"aggregate3","line":126,"loc":{"start":{"line":126,"column":4},"end":{"line":153,"column":4}}},"6":{"name":"aggregate3Value","line":159,"loc":{"start":{"line":159,"column":4},"end":{"line":195,"column":4}}},"7":{"name":"getBlockHash","line":199,"loc":{"start":{"line":199,"column":4},"end":{"line":201,"column":4}}},"8":{"name":"getBlockNumber","line":204,"loc":{"start":{"line":204,"column":4},"end":{"line":206,"column":4}}},"9":{"name":"getCurrentBlockCoinbase","line":209,"loc":{"start":{"line":209,"column":4},"end":{"line":211,"column":4}}},"10":{"name":"getCurrentBlockDifficulty","line":214,"loc":{"start":{"line":214,"column":4},"end":{"line":216,"column":4}}},"11":{"name":"getCurrentBlockGasLimit","line":219,"loc":{"start":{"line":219,"column":4},"end":{"line":221,"column":4}}},"12":{"name":"getCurrentBlockTimestamp","line":224,"loc":{"start":{"line":224,"column":4},"end":{"line":226,"column":4}}},"13":{"name":"getEthBalance","line":229,"loc":{"start":{"line":229,"column":4},"end":{"line":231,"column":4}}},"14":{"name":"getLastBlockHash","line":234,"loc":{"start":{"line":234,"column":4},"end":{"line":238,"column":4}}},"15":{"name":"getBasefee","line":242,"loc":{"start":{"line":242,"column":4},"end":{"line":244,"column":4}}},"16":{"name":"getChainId","line":247,"loc":{"start":{"line":247,"column":4},"end":{"line":249,"column":4}}}},"statementMap":{"1":{"start":{"line":47,"column":8},"end":{"line":47,"column":37}},"2":{"start":{"line":49,"column":8},"end":{"line":49,"column":26}},"3":{"start":{"line":50,"column":8},"end":{"line":50,"column":1512}},"4":{"start":{"line":51,"column":12},"end":{"line":51,"column":24}},"5":{"start":{"line":54,"column":12},"end":{"line":54,"column":54}},"6":{"start":{"line":71,"column":8},"end":{"line":71,"column":37}},"7":{"start":{"line":73,"column":8},"end":{"line":73,"column":26}},"8":{"start":{"line":74,"column":8},"end":{"line":74,"column":2357}},"9":{"start":{"line":75,"column":12},"end":{"line":75,"column":48}},"10":{"start":{"line":78,"column":12},"end":{"line":78,"column":82}},"11":{"start":{"line":78,"column":32},"end":{"line":78,"column":81}},"12":{"start":{"line":127,"column":8},"end":{"line":127,"column":37}},"13":{"start":{"line":129,"column":8},"end":{"line":129,"column":28}},"14":{"start":{"line":130,"column":8},"end":{"line":130,"column":4568}},"15":{"start":{"line":131,"column":12},"end":{"line":131,"column":48}},"16":{"start":{"line":160,"column":8},"end":{"line":160,"column":30}},"17":{"start":{"line":161,"column":8},"end":{"line":161,"column":37}},"18":{"start":{"line":163,"column":8},"end":{"line":163,"column":33}},"19":{"start":{"line":164,"column":8},"end":{"line":164,"column":6376}},"20":{"start":{"line":165,"column":12},"end":{"line":165,"column":48}},"21":{"start":{"line":167,"column":12},"end":{"line":167,"column":37}},"22":{"start":{"line":194,"column":8},"end":{"line":194,"column":73}}},"branchMap":{"1":{"line":54,"type":"if","locations":[{"start":{"line":54,"column":12},"end":{"line":54,"column":12}},{"start":{"line":54,"column":12},"end":{"line":54,"column":12}}]},"2":{"line":78,"type":"if","locations":[{"start":{"line":78,"column":12},"end":{"line":78,"column":12}},{"start":{"line":78,"column":12},"end":{"line":78,"column":12}}]},"3":{"line":78,"type":"if","locations":[{"start":{"line":78,"column":32},"end":{"line":78,"column":32}},{"start":{"line":78,"column":32},"end":{"line":78,"column":32}}]},"4":{"line":194,"type":"if","locations":[{"start":{"line":194,"column":8},"end":{"line":194,"column":8}},{"start":{"line":194,"column":8},"end":{"line":194,"column":8}}]}}}}